2022-11-18 13:28:35 info: =================================
2022-11-18 13:28:35 info: ======= ENV: development =======
2022-11-18 13:28:35 info: 🚀 App listening on the port 5103
2022-11-18 13:28:35 info: =================================
2022-11-18 13:55:49 info: [0mPOST /api/login [32m200[0m 192.189 ms - 585[0m
2022-11-18 13:55:51 info: [0mGET /api/clients/getClients [32m200[0m 247.548 ms - -[0m
2022-11-18 13:55:58 info: [0mGET /api/orders/getWorkOrders [32m201[0m 314.213 ms - -[0m
2022-11-18 13:56:03 info: [0mGET /api/clients/getClients [36m304[0m 228.997 ms - -[0m
2022-11-18 13:56:03 info: [0mGET /api/users/getSupervisores [32m200[0m 151.109 ms - -[0m
2022-11-18 13:56:04 info: [0mGET /api/users/getOperadores [32m200[0m 148.586 ms - -[0m
2022-11-18 13:56:04 info: [0mGET /api/orders/getNumberWorkOrders [32m201[0m 147.913 ms - 49[0m
2022-11-18 13:56:12 info: [0mPOST /api/clients/getClientById [32m200[0m 150.387 ms - 524[0m
2022-11-18 13:56:16 info: [0mPOST /api/clients/getClientById [32m200[0m 227.776 ms - 914[0m
2022-11-18 13:56:18 info: [0mPOST /api/templates/getTemplateByContract [32m201[0m 167.345 ms - -[0m
2022-11-18 13:56:29 info: [0mPOST /api/orders/saveOrder [32m201[0m 253.821 ms - 535[0m
2022-11-18 13:56:36 info: [0mGET /api/orders/getWorkOrders [32m201[0m 241.302 ms - -[0m
2022-11-18 13:56:42 info: [0mGET /api/templates/getTemplates [32m201[0m 237.452 ms - -[0m
2022-11-18 13:56:43 info: [0mGET /api/clients/getClients [36m304[0m 232.402 ms - -[0m
2022-11-18 14:42:10 info: [0mGET /api/users/getUsers [32m200[0m 227.547 ms - -[0m
2022-11-18 14:42:17 info: [0mGET /api/clients/getClients [36m304[0m 232.900 ms - -[0m
2022-11-18 14:42:23 info: [0mGET /api/orders/getWorkOrders [32m201[0m 244.485 ms - -[0m
2022-11-18 14:44:28 info: [0mGET /api/users/getUsers [36m304[0m 220.339 ms - -[0m
2022-11-18 14:45:22 info: [0mPOST /api/login [32m200[0m 130.640 ms - -[0m
2022-11-18 14:45:43 info: [0mPOST /api/login [32m200[0m 139.101 ms - -[0m
2022-11-18 14:48:13 info: [0mPOST /api/login [32m200[0m 127.405 ms - -[0m
2022-11-18 14:48:27 info: [0mPOST /api/users/getUserById [32m200[0m 151.778 ms - 379[0m
2022-11-18 14:53:32 info: [0mPOST /api/login [32m200[0m 140.869 ms - -[0m
2022-11-18 14:54:42 info: [0mPOST /api/login [32m200[0m 132.474 ms - -[0m
2022-11-18 14:55:30 info: [0mPOST /api/login [32m200[0m 136.610 ms - -[0m
2022-11-18 14:58:00 info: [0mPOST /api/users/getUserById [32m200[0m 150.175 ms - 379[0m
2022-11-18 17:11:09 info: =================================
2022-11-18 17:11:09 info: ======= ENV: development =======
2022-11-18 17:11:09 info: 🚀 App listening on the port 5103
2022-11-18 17:11:09 info: =================================
2022-11-18 17:20:39 info: [0mGET /api/users/getUsers [36m304[0m 234.900 ms - -[0m
2022-11-18 17:20:45 info: [0mPOST /api/users/getUserById [32m200[0m 209.008 ms - 376[0m
2022-11-18 17:51:40 info: [0mPOST /api/logout [32m200[0m 88.437 ms - -[0m
2022-11-18 17:52:03 error: [POST] /api/login >> StatusCode:: 409, Message:: Email okenobi@email.ts no encontrado
2022-11-18 17:52:03 info: [0mPOST /api/login [33m409[0m 76.920 ms - 50[0m
2022-11-18 17:52:09 error: [POST] /api/login >> StatusCode:: 409, Message:: Email okenobi@email.ts no encontrado
2022-11-18 17:52:09 info: [0mPOST /api/login [33m409[0m 82.293 ms - 50[0m
2022-11-18 17:52:21 info: [0mPOST /api/login [32m200[0m 140.844 ms - -[0m
2022-11-18 17:59:06 info: [0mPOST /api/login [32m200[0m 132.619 ms - -[0m
2022-11-18 17:59:19 info: [0mPOST /api/orders/getWoByUserId [32m201[0m 347.145 ms - -[0m
2022-11-18 17:59:21 info: [0mPOST /api/orders/getWoById [32m201[0m 261.939 ms - -[0m
