2022-08-23 20:28:26 info: =================================
2022-08-23 20:28:26 info: ======= ENV: development =======
2022-08-23 20:28:26 info: 🚀 App listening on the port 5103
2022-08-23 20:28:26 info: =================================
2022-08-23 20:54:16 error: [GET] /api/users/getUsers >> StatusCode:: 401, Message:: Wrong authentication token
2022-08-23 20:54:16 info: [0mGET /api/users/getUsers [33m401[0m 7.716 ms - 40[0m
2022-08-23 20:54:20 info: [0mPOST /api/logout [32m200[0m 134.539 ms - 403[0m
2022-08-23 20:54:33 info: [0mPOST /api/login [32m200[0m 161.044 ms - 585[0m
2022-08-23 20:54:37 info: [0mGET /api/users/getUsers [32m200[0m 186.793 ms - -[0m
2022-08-23 20:54:42 error: [GET] /api/clients/getClients >> StatusCode:: 404, Message:: ENOENT: no such file or directory, stat 'C:\Users\gorel\Documents\Tesso\Ecos_Integridad\ecos_integridad\client\build\index.html'
2022-08-23 20:54:42 info: [0mGET /api/clients/getClients [33m404[0m 8.360 ms - 151[0m
2022-08-23 20:57:03 info: =================================
2022-08-23 20:57:03 info: ======= ENV: development =======
2022-08-23 20:57:03 info: 🚀 App listening on the port 5103
2022-08-23 20:57:03 info: =================================
2022-08-23 21:41:26 error: [GET] /api/clients/getClients >> StatusCode:: 404, Message:: ENOENT: no such file or directory, stat 'C:\Users\gorel\Documents\Tesso\Ecos_Integridad\ecos_integridad\client\build\index.html'
2022-08-23 21:41:26 info: [0mGET /api/clients/getClients [33m404[0m 22.492 ms - 151[0m
2022-08-23 21:48:25 info: =================================
2022-08-23 21:48:25 info: ======= ENV: development =======
2022-08-23 21:48:25 info: 🚀 App listening on the port 5103
2022-08-23 21:48:25 info: =================================
2022-08-23 21:48:25 error: [GET] /api/clients/getClients >> StatusCode:: 404, Message:: ENOENT: no such file or directory, stat 'C:\Users\gorel\Documents\Tesso\Ecos_Integridad\ecos_integridad\client\build\index.html'
2022-08-23 21:48:25 info: [0mGET /api/clients/getClients [33m404[0m 13.658 ms - 151[0m
2022-08-23 21:52:30 error: [GET] /api/clients/getClients >> StatusCode:: 404, Message:: ENOENT: no such file or directory, stat 'C:\Users\gorel\Documents\Tesso\Ecos_Integridad\ecos_integridad\client\build\index.html'
2022-08-23 21:52:30 info: [0mGET /api/clients/getClients [33m404[0m 3.511 ms - 151[0m
2022-08-23 22:18:42 error: [GET] /api/clients/getClients >> StatusCode:: 404, Message:: ENOENT: no such file or directory, stat 'C:\Users\gorel\Documents\Tesso\Ecos_Integridad\ecos_integridad\client\build\index.html'
2022-08-23 22:18:42 info: [0mGET /api/clients/getClients [33m404[0m 3.641 ms - 151[0m
2022-08-23 22:20:12 error: [GET] /api/clients/getClients >> StatusCode:: 404, Message:: ENOENT: no such file or directory, stat 'C:\Users\gorel\Documents\Tesso\Ecos_Integridad\ecos_integridad\client\build\index.html'
2022-08-23 22:20:12 info: [0mGET /api/clients/getClients [33m404[0m 2.276 ms - 151[0m
2022-08-23 22:21:14 error: [GET] /api/clients/getClients >> StatusCode:: 404, Message:: ENOENT: no such file or directory, stat 'C:\Users\gorel\Documents\Tesso\Ecos_Integridad\ecos_integridad\client\build\index.html'
2022-08-23 22:21:14 info: [0mGET /api/clients/getClients [33m404[0m 2.351 ms - 151[0m
2022-08-23 22:21:30 error: [GET] /api/clients/getClients >> StatusCode:: 404, Message:: ENOENT: no such file or directory, stat 'C:\Users\gorel\Documents\Tesso\Ecos_Integridad\ecos_integridad\client\build\index.html'
2022-08-23 22:21:30 info: [0mGET /api/clients/getClients [33m404[0m 1.461 ms - 151[0m
2022-08-23 22:21:39 error: [GET] /api/clients/getClients >> StatusCode:: 404, Message:: ENOENT: no such file or directory, stat 'C:\Users\gorel\Documents\Tesso\Ecos_Integridad\ecos_integridad\client\build\index.html'
2022-08-23 22:21:39 info: [0mGET /api/clients/getClients [33m404[0m 2.286 ms - 151[0m
2022-08-23 22:21:54 error: [GET] /api/clients/getClients >> StatusCode:: 404, Message:: ENOENT: no such file or directory, stat 'C:\Users\gorel\Documents\Tesso\Ecos_Integridad\ecos_integridad\client\build\index.html'
2022-08-23 22:21:54 info: [0mGET /api/clients/getClients [33m404[0m 1.945 ms - 151[0m
2022-08-23 22:22:22 error: [GET] /api/clients/getClients >> StatusCode:: 404, Message:: ENOENT: no such file or directory, stat 'C:\Users\gorel\Documents\Tesso\Ecos_Integridad\ecos_integridad\client\build\index.html'
2022-08-23 22:22:22 info: [0mGET /api/clients/getClients [33m404[0m 2.334 ms - 151[0m
2022-08-23 22:56:30 info: [0mGET /api/users/getUsers [32m200[0m 192.129 ms - -[0m
