2022-10-18 07:03:05 info: [0mPOST /api/orders/getWoByUserId [32m201[0m 1194.762 ms - -[0m
2022-10-18 07:03:12 info: =================================
2022-10-18 07:03:12 info: ======= ENV: development =======
2022-10-18 07:03:12 info: 🚀 App listening on the port 5103
2022-10-18 07:03:12 info: =================================
2022-10-18 07:03:53 info: =================================
2022-10-18 07:03:53 info: ======= ENV: development =======
2022-10-18 07:03:53 info: 🚀 App listening on the port 5103
2022-10-18 07:03:53 info: =================================
2022-10-18 07:09:05 info: [0mPOST /api/orders/getWoByUserId [32m201[0m 387.284 ms - -[0m
2022-10-18 07:09:09 info: [0mPOST /api/orders/getWoByUserId [32m201[0m 263.711 ms - -[0m
2022-10-18 07:24:31 info: [0mPOST /api/orders/getWoByUserId [32m201[0m 256.160 ms - -[0m
2022-10-18 07:24:38 info: [0mPOST /api/orders/getWoById [32m201[0m 242.780 ms - -[0m
2022-10-18 07:28:25 info: [0mPOST /api/orders/getWoByUserId [32m201[0m 245.869 ms - -[0m
2022-10-18 07:28:25 info: [0mPOST /api/orders/getWoById [32m201[0m 235.192 ms - -[0m
2022-10-18 07:30:03 info: [0mPOST /api/orders/getWoByUserId [32m201[0m 241.426 ms - -[0m
2022-10-18 07:30:03 info: [0mPOST /api/orders/getWoById [32m201[0m 241.665 ms - -[0m
2022-10-18 07:30:22 info: [0mPOST /api/orders/getWoByUserId [32m201[0m 245.939 ms - -[0m
2022-10-18 07:30:22 info: [0mPOST /api/orders/getWoById [32m201[0m 246.909 ms - -[0m
2022-10-18 07:31:41 info: [0mPOST /api/orders/getWoByUserId [32m201[0m 247.368 ms - -[0m
2022-10-18 07:31:41 info: [0mPOST /api/orders/getWoById [32m201[0m 227.735 ms - -[0m
2022-10-18 07:32:03 info: [0mPOST /api/orders/getWoByUserId [32m201[0m 245.857 ms - -[0m
2022-10-18 07:32:03 info: [0mPOST /api/orders/getWoById [32m201[0m 236.319 ms - -[0m
2022-10-18 07:32:29 info: [0mPOST /api/orders/getWoByUserId [32m201[0m 246.748 ms - -[0m
2022-10-18 07:32:29 info: [0mPOST /api/orders/getWoById [32m201[0m 232.290 ms - -[0m
2022-10-18 07:36:26 info: [0mPOST /api/orders/getWoByUserId [32m201[0m 246.521 ms - -[0m
2022-10-18 07:36:26 info: [0mPOST /api/orders/getWoById [32m201[0m 235.105 ms - -[0m
2022-10-18 07:36:44 info: [0mPOST /api/orders/getWoById [32m201[0m 242.889 ms - -[0m
2022-10-18 07:41:31 info: [0mPOST /api/orders/getWoByUserId [32m201[0m 243.420 ms - -[0m
2022-10-18 07:41:31 info: [0mPOST /api/orders/getWoById [32m201[0m 240.018 ms - -[0m
2022-10-18 07:41:51 info: [0mPOST /api/orders/getWoById [32m201[0m 252.011 ms - -[0m
2022-10-18 07:44:42 info: [0mPOST /api/orders/getWoByUserId [32m201[0m 258.933 ms - -[0m
2022-10-18 12:21:04 error: [POST] /api/orders/getWoByUserId >> StatusCode:: 401, Message:: Wrong authentication token
2022-10-18 12:21:04 info: [0mPOST /api/orders/getWoByUserId [33m401[0m 36.459 ms - 40[0m
2022-10-18 12:21:11 info: [0mPOST /api/logout [32m200[0m 709.512 ms - -[0m
2022-10-18 12:21:33 info: [0mPOST /api/login [32m200[0m 147.773 ms - -[0m
2022-10-18 12:21:38 info: [0mPOST /api/orders/getWoByUserId [32m201[0m 582.576 ms - -[0m
2022-10-18 12:24:41 info: [0mPOST /api/orders/getWoByUserId [32m201[0m 244.616 ms - -[0m
2022-10-18 12:24:43 info: [0mPOST /api/orders/getWoById [32m201[0m 254.216 ms - -[0m
2022-10-18 12:25:57 info: [0mPOST /api/orders/getWoByUserId [32m201[0m 248.409 ms - -[0m
2022-10-18 12:25:59 info: [0mPOST /api/orders/getWoByUserId [32m201[0m 261.570 ms - -[0m
2022-10-18 12:26:01 info: [0mPOST /api/orders/getWoById [32m201[0m 245.541 ms - -[0m
2022-10-18 12:30:28 info: [0mPOST /api/orders/getWoByUserId [32m201[0m 235.089 ms - -[0m
2022-10-18 12:30:29 info: [0mPOST /api/orders/getWoById [32m201[0m 251.510 ms - -[0m
2022-10-18 12:30:39 info: [0mPOST /api/orders/getWoById [32m201[0m 244.691 ms - -[0m
2022-10-18 12:33:09 info: [0mPOST /api/orders/getWoByUserId [32m201[0m 834.077 ms - -[0m
2022-10-18 12:33:35 info: [0mPOST /api/orders/getWoByUserId [32m201[0m 244.319 ms - -[0m
2022-10-18 12:34:03 info: [0mPOST /api/orders/getWoByUserId [32m201[0m 244.454 ms - -[0m
2022-10-18 12:34:06 info: [0mPOST /api/orders/getWoByUserId [32m201[0m 260.611 ms - -[0m
2022-10-18 12:34:12 info: [0mPOST /api/orders/getWoByUserId [32m201[0m 250.486 ms - -[0m
2022-10-18 12:35:29 info: [0mPOST /api/orders/getWoByUserId [32m201[0m 247.304 ms - -[0m
2022-10-18 12:35:40 info: [0mPOST /api/orders/getWoByUserId [32m201[0m 247.821 ms - -[0m
2022-10-18 12:35:41 info: [0mPOST /api/orders/getWoById [32m201[0m 254.174 ms - -[0m
