2022-08-05 11:05:20 info: =================================
2022-08-05 11:05:20 info: ======= ENV: development =======
2022-08-05 11:05:20 info: 🚀 App listening on the port 5103
2022-08-05 11:05:20 info: =================================
2022-08-05 11:06:03 error: [GET] /api/users/getUsers >> StatusCode:: 401, Message:: Wrong authentication token
2022-08-05 11:06:03 info: [0mGET /api/users/getUsers [33m401[0m 7.931 ms - 40[0m
2022-08-05 11:06:20 error: [GET] /favicon.ico >> StatusCode:: 404, Message:: ENOENT: no such file or directory, stat 'C:\Users\gorel\Documents\Tesso\Ecos_Integridad\ecos_integridad\client\build\index.html'
2022-08-05 11:06:20 info: [0mGET /favicon.ico [33m404[0m 6.154 ms - 151[0m
2022-08-05 11:06:20 info: [0mPOST /api/logout [0m-[0m - ms - -[0m
2022-08-05 11:06:22 error: [POST] /api/logout >> StatusCode:: 500, Message:: Operation `users.findOne()` buffering timed out after 10000ms
2022-08-05 11:06:38 error: [POST] /api/logout >> StatusCode:: 500, Message:: Operation `users.findOne()` buffering timed out after 10000ms
2022-08-05 11:06:38 info: [0mPOST /api/logout [31m500[0m 10017.628 ms - 75[0m
2022-08-05 11:25:44 error: [POST] /api/login >> StatusCode:: 500, Message:: Operation `users.findOne()` buffering timed out after 10000ms
2022-08-05 11:25:44 info: [0mPOST /api/login [31m500[0m 10006.554 ms - 75[0m
2022-08-05 11:26:00 error: [POST] /api/login >> StatusCode:: 500, Message:: Operation `users.findOne()` buffering timed out after 10000ms
2022-08-05 11:26:00 info: [0mPOST /api/login [31m500[0m 10015.999 ms - 75[0m
2022-08-05 12:08:22 info: =================================
2022-08-05 12:08:22 info: ======= ENV: development =======
2022-08-05 12:08:22 info: 🚀 App listening on the port 5103
2022-08-05 12:08:22 info: =================================
2022-08-05 12:10:45 info: =================================
2022-08-05 12:10:45 info: ======= ENV: development =======
2022-08-05 12:10:45 info: 🚀 App listening on the port 5103
2022-08-05 12:10:45 info: =================================
2022-08-05 12:11:11 info: [0mPOST /api/login [32m200[0m 182.524 ms - 585[0m
2022-08-05 12:11:15 info: [0mGET /api/users/getUsers [32m200[0m 188.761 ms - -[0m
