2022-08-24 06:52:37 info: =================================
2022-08-24 06:52:37 info: ======= ENV: development =======
2022-08-24 06:52:37 info: 🚀 App listening on the port 5103
2022-08-24 06:52:37 info: =================================
2022-08-24 06:52:40 error: [GET] /api/users/getUsers >> StatusCode:: 401, Message:: Wrong authentication token
2022-08-24 06:52:40 info: [0mGET /api/users/getUsers [33m401[0m 5.943 ms - 40[0m
2022-08-24 06:52:45 info: [0mPOST /api/logout [32m200[0m 116.253 ms - 403[0m
2022-08-24 06:53:09 info: [0mPOST /api/login [32m200[0m 159.043 ms - 585[0m
2022-08-24 06:53:13 info: [0mGET /api/users/getUsers [32m200[0m 170.869 ms - -[0m
2022-08-24 06:53:17 error: [GET] /api/clients/getClients >> StatusCode:: 404, Message:: ENOENT: no such file or directory, stat 'C:\Users\gorel\Documents\Tesso\Ecos_Integridad\ecos_integridad\client\build\index.html'
2022-08-24 06:53:17 info: [0mGET /api/clients/getClients [33m404[0m 7.781 ms - 151[0m
2022-08-24 06:55:43 error: [GET] /api/clients/getClients >> StatusCode:: 404, Message:: ENOENT: no such file or directory, stat 'C:\Users\gorel\Documents\Tesso\Ecos_Integridad\ecos_integridad\client\build\index.html'
2022-08-24 06:55:43 info: [0mGET /api/clients/getClients [33m404[0m 2.513 ms - 151[0m
2022-08-24 06:57:02 error: [GET] /api/clients/getClients >> StatusCode:: 404, Message:: ENOENT: no such file or directory, stat 'C:\Users\gorel\Documents\Tesso\Ecos_Integridad\ecos_integridad\client\build\index.html'
2022-08-24 06:57:02 info: [0mGET /api/clients/getClients [33m404[0m 2.020 ms - 151[0m
2022-08-24 06:57:19 error: [GET] /api/clients/getClients >> StatusCode:: 404, Message:: ENOENT: no such file or directory, stat 'C:\Users\gorel\Documents\Tesso\Ecos_Integridad\ecos_integridad\client\build\index.html'
2022-08-24 06:57:19 info: [0mGET /api/clients/getClients [33m404[0m 2.351 ms - 151[0m
2022-08-24 07:00:27 info: [0mGET /api/users/getUsers [36m304[0m 157.018 ms - -[0m
2022-08-24 07:00:29 error: [GET] /api/clients/getClients >> StatusCode:: 404, Message:: ENOENT: no such file or directory, stat 'C:\Users\gorel\Documents\Tesso\Ecos_Integridad\ecos_integridad\client\build\index.html'
2022-08-24 07:00:29 info: [0mGET /api/clients/getClients [33m404[0m 2.191 ms - 151[0m
2022-08-24 07:01:41 info: [0mGET /api/users/getUsers [36m304[0m 148.357 ms - -[0m
2022-08-24 07:01:47 error: [GET] /api/clients/getClients >> StatusCode:: 404, Message:: ENOENT: no such file or directory, stat 'C:\Users\gorel\Documents\Tesso\Ecos_Integridad\ecos_integridad\client\build\index.html'
2022-08-24 07:01:47 info: [0mGET /api/clients/getClients [33m404[0m 2.507 ms - 151[0m
2022-08-24 08:58:40 error: [GET] /api/clients/getClients >> StatusCode:: 404, Message:: ENOENT: no such file or directory, stat 'C:\Users\gorel\Documents\Tesso\Ecos_Integridad\ecos_integridad\client\build\index.html'
2022-08-24 08:58:40 info: [0mGET /api/clients/getClients [33m404[0m 4.017 ms - 151[0m
2022-08-24 08:58:44 info: [0mGET /api/users/getUsers [36m304[0m 155.542 ms - -[0m
2022-08-24 08:58:46 error: [GET] /api/clients/getClients >> StatusCode:: 404, Message:: ENOENT: no such file or directory, stat 'C:\Users\gorel\Documents\Tesso\Ecos_Integridad\ecos_integridad\client\build\index.html'
2022-08-24 08:58:46 info: [0mGET /api/clients/getClients [33m404[0m 2.221 ms - 151[0m
2022-08-24 09:04:30 info: [0mGET /api/users/getUsers [36m304[0m 150.431 ms - -[0m
2022-08-24 09:04:33 error: [GET] /api/clients/getClients >> StatusCode:: 404, Message:: ENOENT: no such file or directory, stat 'C:\Users\gorel\Documents\Tesso\Ecos_Integridad\ecos_integridad\client\build\index.html'
2022-08-24 09:04:33 info: [0mGET /api/clients/getClients [33m404[0m 1.827 ms - 151[0m
2022-08-24 09:05:46 info: [0mGET /api/users/getUsers [36m304[0m 143.880 ms - -[0m
2022-08-24 09:05:47 error: [GET] /api/clients/getClients >> StatusCode:: 404, Message:: ENOENT: no such file or directory, stat 'C:\Users\gorel\Documents\Tesso\Ecos_Integridad\ecos_integridad\client\build\index.html'
2022-08-24 09:05:47 info: [0mGET /api/clients/getClients [33m404[0m 1.696 ms - 151[0m
2022-08-24 09:14:47 info: [0mGET /api/users/getUsers [36m304[0m 157.330 ms - -[0m
2022-08-24 09:14:47 error: [GET] /api/clients/getClients >> StatusCode:: 404, Message:: ENOENT: no such file or directory, stat 'C:\Users\gorel\Documents\Tesso\Ecos_Integridad\ecos_integridad\client\build\index.html'
2022-08-24 09:14:47 info: [0mGET /api/clients/getClients [33m404[0m 2.890 ms - 151[0m
2022-08-24 09:25:12 info: [0mGET /api/users/getUsers [36m304[0m 155.328 ms - -[0m
2022-08-24 09:25:38 info: [0mGET /api/users/getUsers [36m304[0m 155.758 ms - -[0m
2022-08-24 09:26:16 info: [0mGET /api/users/getUsers [36m304[0m 171.813 ms - -[0m
2022-08-24 09:31:19 info: [0mGET /api/users/getUsers [36m304[0m 153.698 ms - -[0m
2022-08-24 09:31:24 info: [0mPOST /api/users/getUserById [32m200[0m 152.347 ms - 365[0m
2022-08-24 09:31:31 info: [0mPOST /api/users/getUserById [32m200[0m 157.341 ms - 362[0m
2022-08-24 09:52:55 info: [0mGET /api/users/getUsers [36m304[0m 155.248 ms - -[0m
2022-08-24 09:52:57 error: [GET] /api/clients/getClients >> StatusCode:: 404, Message:: ENOENT: no such file or directory, stat 'C:\Users\gorel\Documents\Tesso\Ecos_Integridad\ecos_integridad\client\build\index.html'
2022-08-24 09:52:57 info: [0mGET /api/clients/getClients [33m404[0m 1.820 ms - 151[0m
2022-08-24 09:53:00 info: [0mGET /api/users/getUsers [36m304[0m 147.049 ms - -[0m
2022-08-24 09:53:08 info: [0mGET /api/users/getUsers [36m304[0m 154.332 ms - -[0m
2022-08-24 09:53:10 error: [GET] /api/clients/getClients >> StatusCode:: 404, Message:: ENOENT: no such file or directory, stat 'C:\Users\gorel\Documents\Tesso\Ecos_Integridad\ecos_integridad\client\build\index.html'
2022-08-24 09:53:10 info: [0mGET /api/clients/getClients [33m404[0m 2.747 ms - 151[0m
2022-08-24 09:53:20 error: [GET] /api/clients/getClients >> StatusCode:: 404, Message:: ENOENT: no such file or directory, stat 'C:\Users\gorel\Documents\Tesso\Ecos_Integridad\ecos_integridad\client\build\index.html'
2022-08-24 09:53:20 info: [0mGET /api/clients/getClients [33m404[0m 1.877 ms - 151[0m
2022-08-24 09:53:41 info: [0mGET /api/users/getUsers [36m304[0m 155.887 ms - -[0m
2022-08-24 09:53:43 error: [GET] /api/clients/getClients >> StatusCode:: 404, Message:: ENOENT: no such file or directory, stat 'C:\Users\gorel\Documents\Tesso\Ecos_Integridad\ecos_integridad\client\build\index.html'
2022-08-24 09:53:43 info: [0mGET /api/clients/getClients [33m404[0m 3.685 ms - 151[0m
2022-08-24 09:54:13 info: [0mGET /api/users/getUsers [36m304[0m 154.180 ms - -[0m
2022-08-24 09:54:21 error: [GET] /api/clients/getClients >> StatusCode:: 404, Message:: ENOENT: no such file or directory, stat 'C:\Users\gorel\Documents\Tesso\Ecos_Integridad\ecos_integridad\client\build\index.html'
2022-08-24 09:54:21 info: [0mGET /api/clients/getClients [33m404[0m 2.115 ms - 151[0m
2022-08-24 10:04:10 info: [0mGET /api/users/getUsers [36m304[0m 148.640 ms - -[0m
2022-08-24 10:04:14 error: [GET] /api/clients/getClients >> StatusCode:: 404, Message:: ENOENT: no such file or directory, stat 'C:\Users\gorel\Documents\Tesso\Ecos_Integridad\ecos_integridad\client\build\index.html'
2022-08-24 10:04:14 info: [0mGET /api/clients/getClients [33m404[0m 2.361 ms - 151[0m
2022-08-24 10:04:29 error: [GET] /api/clients/getClients >> StatusCode:: 404, Message:: ENOENT: no such file or directory, stat 'C:\Users\gorel\Documents\Tesso\Ecos_Integridad\ecos_integridad\client\build\index.html'
2022-08-24 10:04:29 info: [0mGET /api/clients/getClients [33m404[0m 1.506 ms - 151[0m
2022-08-24 10:04:33 info: [0mGET /api/users/getUsers [36m304[0m 155.300 ms - -[0m
2022-08-24 17:45:22 info: =================================
2022-08-24 17:45:22 info: ======= ENV: development =======
2022-08-24 17:45:22 info: 🚀 App listening on the port 5103
2022-08-24 17:45:22 info: =================================
2022-08-24 17:47:51 info: =================================
2022-08-24 17:47:51 info: ======= ENV: development =======
2022-08-24 17:47:51 info: 🚀 App listening on the port 5103
2022-08-24 17:47:51 info: =================================
2022-08-24 17:49:17 info: =================================
2022-08-24 17:49:17 info: ======= ENV: development =======
2022-08-24 17:49:17 info: 🚀 App listening on the port 5103
2022-08-24 17:49:17 info: =================================
2022-08-24 17:49:33 info: =================================
2022-08-24 17:49:33 info: ======= ENV: development =======
2022-08-24 17:49:33 info: 🚀 App listening on the port 5103
2022-08-24 17:49:33 info: =================================
2022-08-24 18:03:33 info: =================================
2022-08-24 18:03:33 info: ======= ENV: development =======
2022-08-24 18:03:33 info: 🚀 App listening on the port 5103
2022-08-24 18:03:33 info: =================================
2022-08-24 18:03:52 info: =================================
2022-08-24 18:03:52 info: ======= ENV: development =======
2022-08-24 18:03:52 info: 🚀 App listening on the port 5103
2022-08-24 18:03:52 info: =================================
