2022-11-21 10:36:16 info: =================================
2022-11-21 10:36:16 info: ======= ENV: development =======
2022-11-21 10:36:16 info: 🚀 App listening on the port 5103
2022-11-21 10:36:16 info: =================================
2022-11-21 10:36:18 error: [GET] /api/clients/getClients >> StatusCode:: 401, Message:: Wrong authentication token
2022-11-21 10:36:18 info: [0mGET /api/clients/getClients [33m401[0m 12.329 ms - 40[0m
2022-11-21 10:36:20 info: [0mGET /favicon.ico [32m200[0m 18.930 ms - 882[0m
2022-11-21 10:36:21 error: [GET] /api/clients/getClients >> StatusCode:: 401, Message:: Wrong authentication token
2022-11-21 10:36:21 info: [0mGET /api/clients/getClients [33m401[0m 2.167 ms - 40[0m
2022-11-21 10:36:24 error: [GET] /api/clients/getClients >> StatusCode:: 401, Message:: Wrong authentication token
2022-11-21 10:36:25 info: [0mGET /api/clients/getClients [33m401[0m 3.726 ms - 40[0m
2022-11-21 10:36:27 info: [0mPOST /api/logout [32m200[0m 143.757 ms - 403[0m
2022-11-21 10:36:51 info: [0mPOST /api/login [32m200[0m 185.561 ms - 585[0m
2022-11-21 10:36:53 info: [0mGET /api/clients/getClients [32m200[0m 234.946 ms - -[0m
2022-11-21 10:36:58 info: [0mGET /api/clients/getClients [36m304[0m 206.670 ms - -[0m
2022-11-21 10:37:56 info: [0mGET /api/clients/getClients [36m304[0m 218.236 ms - -[0m
2022-11-21 10:38:00 info: [0mGET /api/users/getUsers [36m304[0m 197.852 ms - -[0m
2022-11-21 10:38:05 info: [0mGET /api/clients/getClients [36m304[0m 209.627 ms - -[0m
2022-11-21 10:38:07 info: [0mGET /api/orders/getWorkOrders [32m201[0m 309.682 ms - -[0m
2022-11-21 10:38:10 info: [0mGET /api/clients/getClients [36m304[0m 203.561 ms - -[0m
2022-11-21 10:38:11 info: [0mGET /api/users/getSupervisores [32m200[0m 137.769 ms - -[0m
2022-11-21 10:38:11 info: [0mGET /api/users/getOperadores [32m200[0m 135.753 ms - -[0m
2022-11-21 10:38:12 info: [0mGET /api/orders/getNumberWorkOrders [32m201[0m 141.460 ms - 49[0m
2022-11-21 10:38:22 info: [0mGET /api/users/getUsers [36m304[0m 204.588 ms - -[0m
