2022-07-29 10:38:07 info: =================================
2022-07-29 10:38:07 info: ======= ENV: development =======
2022-07-29 10:38:07 info: 🚀 App listening on the port 5103
2022-07-29 10:38:07 info: =================================
2022-07-29 12:56:04 error: [GET] /api/users/getUsers >> StatusCode:: 401, Message:: Wrong authentication token
2022-07-29 12:56:04 info: [0mGET /api/users/getUsers [33m401[0m 19.627 ms - 40[0m
2022-07-29 12:56:45 error: [GET] /api/users/getUsers >> StatusCode:: 401, Message:: Wrong authentication token
2022-07-29 12:56:45 info: [0mGET /api/users/getUsers [33m401[0m 2.786 ms - 40[0m
2022-07-29 12:57:09 error: [GET] /api/users/getUsers >> StatusCode:: 401, Message:: Wrong authentication token
2022-07-29 12:57:09 info: [0mGET /api/users/getUsers [33m401[0m 1.659 ms - 40[0m
2022-07-29 12:58:17 error: [GET] /api/users/getUsers >> StatusCode:: 401, Message:: Wrong authentication token
2022-07-29 12:58:17 info: [0mGET /api/users/getUsers [33m401[0m 2.269 ms - 40[0m
2022-07-29 13:00:01 error: [GET] /api/users/getUsers >> StatusCode:: 401, Message:: Wrong authentication token
2022-07-29 13:00:01 info: [0mGET /api/users/getUsers [33m401[0m 2.355 ms - 40[0m
2022-07-29 13:00:10 error: [GET] /api/users/getUsers >> StatusCode:: 401, Message:: Wrong authentication token
2022-07-29 13:00:10 info: [0mGET /api/users/getUsers [33m401[0m 1.466 ms - 40[0m
2022-07-29 13:00:19 error: [POST] /api/logout >> StatusCode:: 400, Message:: Se requieren credenciales
2022-07-29 13:00:19 info: [0mPOST /api/logout [33m400[0m 56.409 ms - 39[0m
2022-07-29 13:01:06 info: [0mPOST /api/login [32m200[0m 240.068 ms - 585[0m
2022-07-29 13:01:14 info: [0mGET /api/users/getUsers [32m200[0m 156.171 ms - 406[0m
2022-07-29 13:01:49 info: [0mGET /api/users/getUsers [36m304[0m 145.665 ms - -[0m
2022-07-29 13:01:53 info: [0mGET /api/users/getUsers [36m304[0m 151.959 ms - -[0m
2022-07-29 13:04:13 info: [0mGET /api/users/getUsers [36m304[0m 147.613 ms - -[0m
2022-07-29 13:04:45 info: [0mGET /api/users/getUsers [36m304[0m 148.113 ms - -[0m
2022-07-29 13:05:04 info: [0mGET /api/users/getUsers [36m304[0m 147.469 ms - -[0m
2022-07-29 13:05:04 error: [GET] /assets/profile/profile_default.png >> StatusCode:: 404, Message:: ENOENT: no such file or directory, stat 'C:\Users\gorel\Documents\Tesso\Ecos_Integridad\ecos_integridad\client\build\index.html'
2022-07-29 13:05:04 info: [0mGET /assets/profile/profile_default.png [33m404[0m 8.393 ms - 151[0m
2022-07-29 13:05:17 info: [0mGET /api/users/getUsers [36m304[0m 147.311 ms - -[0m
2022-07-29 13:05:17 error: [GET] /assets/profile/profile_default.png >> StatusCode:: 404, Message:: ENOENT: no such file or directory, stat 'C:\Users\gorel\Documents\Tesso\Ecos_Integridad\ecos_integridad\client\build\index.html'
2022-07-29 13:05:17 info: [0mGET /assets/profile/profile_default.png [33m404[0m 2.780 ms - 151[0m
2022-07-29 13:05:26 error: [GET] /..assets/profile/profile_default.png >> StatusCode:: 404, Message:: ENOENT: no such file or directory, stat 'C:\Users\gorel\Documents\Tesso\Ecos_Integridad\ecos_integridad\client\build\index.html'
2022-07-29 13:05:26 info: [0mGET /..assets/profile/profile_default.png [33m404[0m 3.473 ms - 151[0m
2022-07-29 13:05:27 info: [0mGET /api/users/getUsers [36m304[0m 146.060 ms - -[0m
2022-07-29 13:05:44 error: [GET] /..assets/images/profile/profile_default.png >> StatusCode:: 404, Message:: ENOENT: no such file or directory, stat 'C:\Users\gorel\Documents\Tesso\Ecos_Integridad\ecos_integridad\client\build\index.html'
2022-07-29 13:05:44 info: [0mGET /..assets/images/profile/profile_default.png [33m404[0m 2.044 ms - 151[0m
2022-07-29 13:05:45 info: [0mGET /api/users/getUsers [36m304[0m 150.875 ms - -[0m
2022-07-29 13:05:50 info: [0mGET /api/users/getUsers [36m304[0m 152.633 ms - -[0m
2022-07-29 13:08:43 info: [0mGET /api/users/getUsers [36m304[0m 161.911 ms - -[0m
2022-07-29 13:08:56 info: [0mGET /api/users/getUsers [36m304[0m 144.383 ms - -[0m
2022-07-29 13:09:26 info: [0mGET /api/users/getUsers [36m304[0m 153.685 ms - -[0m
2022-07-29 13:09:33 info: [0mGET /api/users/getUsers [36m304[0m 148.600 ms - -[0m
2022-07-29 13:09:41 info: [0mGET /api/users/getUsers [36m304[0m 159.305 ms - -[0m
2022-07-29 13:09:46 info: [0mGET /api/users/getUsers [36m304[0m 145.327 ms - -[0m
2022-07-29 13:10:30 info: [0mGET /api/users/getUsers [36m304[0m 145.479 ms - -[0m
2022-07-29 13:11:08 info: [0mGET /api/users/getUsers [36m304[0m 158.548 ms - -[0m
2022-07-29 13:13:36 info: [0mGET /api/users/getUsers [36m304[0m 145.350 ms - -[0m
2022-07-29 13:14:49 info: [0mGET /api/users/getUsers [36m304[0m 150.211 ms - -[0m
2022-07-29 13:15:21 info: [0mGET /api/users/getUsers [36m304[0m 144.674 ms - -[0m
2022-07-29 14:45:49 error: [GET] /api/users/getUsers >> StatusCode:: 401, Message:: Wrong authentication token
2022-07-29 14:45:49 info: [0mGET /api/users/getUsers [33m401[0m 3.794 ms - 40[0m
2022-07-29 14:49:58 info: =================================
2022-07-29 14:49:58 info: ======= ENV: development =======
2022-07-29 14:49:58 info: 🚀 App listening on the port 5103
2022-07-29 14:49:58 info: =================================
2022-07-29 14:53:20 error: [GET] /api/users/getUsers >> StatusCode:: 401, Message:: Wrong authentication token
2022-07-29 14:53:20 info: [0mGET /api/users/getUsers [33m401[0m 7.803 ms - 40[0m
2022-07-29 14:53:57 info: =================================
2022-07-29 14:53:57 info: ======= ENV: development =======
2022-07-29 14:53:57 info: 🚀 App listening on the port 5103
2022-07-29 14:53:57 info: =================================
2022-07-29 15:33:59 error: [GET] /api/users/getUsers >> StatusCode:: 401, Message:: Wrong authentication token
2022-07-29 15:33:59 info: [0mGET /api/users/getUsers [33m401[0m 6.905 ms - 40[0m
2022-07-29 15:38:09 error: [POST] /api/logout >> StatusCode:: 400, Message:: Se requieren credenciales
2022-07-29 15:38:09 info: [0mPOST /api/logout [33m400[0m 40.873 ms - 39[0m
2022-07-29 15:38:16 error: [POST] /api/logout >> StatusCode:: 400, Message:: Se requieren credenciales
2022-07-29 15:38:16 info: [0mPOST /api/logout [33m400[0m 1.609 ms - 39[0m
2022-07-29 15:40:21 info: =================================
2022-07-29 15:40:21 info: ======= ENV: development =======
2022-07-29 15:40:21 info: 🚀 App listening on the port 5103
2022-07-29 15:40:21 info: =================================
2022-07-29 15:40:26 error: [POST] /api/logout >> StatusCode:: 400, Message:: Se requieren credenciales
2022-07-29 15:40:26 info: [0mPOST /api/logout [33m400[0m 19.808 ms - 39[0m
2022-07-29 15:41:17 info: =================================
2022-07-29 15:41:17 info: ======= ENV: development =======
2022-07-29 15:41:17 info: 🚀 App listening on the port 5103
2022-07-29 15:41:17 info: =================================
2022-07-29 15:41:20 error: [POST] /api/logout >> StatusCode:: 400, Message:: Se requieren credenciales
2022-07-29 15:41:20 info: [0mPOST /api/logout [33m400[0m 25.940 ms - 39[0m
2022-07-29 15:41:44 error: [POST] /api/logout >> StatusCode:: 400, Message:: Se requieren credenciales
2022-07-29 15:41:44 info: [0mPOST /api/logout [33m400[0m 2.597 ms - 39[0m
2022-07-29 15:41:51 error: [POST] /api/logout >> StatusCode:: 400, Message:: Se requieren credenciales
2022-07-29 15:41:51 info: [0mPOST /api/logout [33m400[0m 1.592 ms - 39[0m
2022-07-29 15:42:24 error: [POST] /api/logout >> StatusCode:: 400, Message:: Se requieren credenciales
2022-07-29 15:42:24 info: [0mPOST /api/logout [33m400[0m 1.627 ms - 39[0m
2022-07-29 15:42:52 error: [POST] /api/logout >> StatusCode:: 400, Message:: Se requieren credenciales
2022-07-29 15:42:52 info: [0mPOST /api/logout [33m400[0m 1.790 ms - 39[0m
2022-07-29 15:43:52 info: =================================
2022-07-29 15:43:52 info: ======= ENV: development =======
2022-07-29 15:43:52 info: 🚀 App listening on the port 5103
2022-07-29 15:43:52 info: =================================
2022-07-29 15:43:56 error: [POST] /api/logout >> StatusCode:: 409, Message:: Email  no encontrado
2022-07-29 15:43:56 info: [0mPOST /api/logout [33m409[0m 134.089 ms - 34[0m
2022-07-29 15:44:35 info: [0mPOST /api/logout [32m200[0m 76.540 ms - 403[0m
2022-07-29 15:44:59 info: =================================
2022-07-29 15:44:59 info: ======= ENV: development =======
2022-07-29 15:44:59 info: 🚀 App listening on the port 5103
2022-07-29 15:44:59 info: =================================
2022-07-29 15:47:26 error: [GET] /assets/images/logo.png >> StatusCode:: 404, Message:: ENOENT: no such file or directory, stat 'C:\Users\gorel\Documents\Tesso\Ecos_Integridad\ecos_integridad\client\build\index.html'
2022-07-29 15:47:26 info: [0mGET /assets/images/logo.png [33m404[0m 6.645 ms - 151[0m
2022-07-29 16:03:21 info: [0mPOST /api/login [32m200[0m 150.599 ms - 585[0m
2022-07-29 16:03:23 info: [0mGET /api/users/getUsers [36m304[0m 154.183 ms - -[0m
2022-07-29 16:03:59 info: [0mGET /api/users/getUsers [36m304[0m 147.551 ms - -[0m
2022-07-29 16:28:58 info: [0mGET /api/users/getUsers [36m304[0m 144.432 ms - -[0m
2022-07-29 16:36:10 info: =================================
2022-07-29 16:36:10 info: ======= ENV: development =======
2022-07-29 16:36:10 info: 🚀 App listening on the port 5103
2022-07-29 16:36:10 info: =================================
2022-07-29 16:37:44 info: =================================
2022-07-29 16:37:44 info: ======= ENV: development =======
2022-07-29 16:37:44 info: 🚀 App listening on the port 5103
2022-07-29 16:37:44 info: =================================
2022-07-29 16:38:17 info: =================================
2022-07-29 16:38:17 info: ======= ENV: development =======
2022-07-29 16:38:17 info: 🚀 App listening on the port 5103
2022-07-29 16:38:17 info: =================================
2022-07-29 16:38:24 info: [0mGET /api/users/getUsers [36m304[0m 159.087 ms - -[0m
2022-07-29 16:39:41 error: [POST] /api/users/createUser >> StatusCode:: 500, Message:: E11000 duplicate key error collection: ecos-integridad.users index: rut_1 dup key: { rut: null }
2022-07-29 16:39:41 info: [0mPOST /api/users/createUser [31m500[0m 319.094 ms - 110[0m
2022-07-29 16:40:24 info: =================================
2022-07-29 16:40:24 info: ======= ENV: development =======
2022-07-29 16:40:24 info: 🚀 App listening on the port 5103
2022-07-29 16:40:24 info: =================================
2022-07-29 16:44:51 info: [0mGET /api/users/getUsers [36m304[0m 177.808 ms - -[0m
2022-07-29 16:48:35 error: [POST] /api/users/createUser >> StatusCode:: 500, Message:: E11000 duplicate key error collection: ecos-integridad.users index: rut_1 dup key: { rut: null }
2022-07-29 16:48:35 info: [0mPOST /api/users/createUser [31m500[0m 332.879 ms - 110[0m
2022-07-29 16:48:38 error: [POST] /api/users/createUser >> StatusCode:: 500, Message:: E11000 duplicate key error collection: ecos-integridad.users index: rut_1 dup key: { rut: null }
2022-07-29 16:48:38 info: [0mPOST /api/users/createUser [31m500[0m 283.846 ms - 110[0m
2022-07-29 16:48:48 info: [0mGET /api/users/getUsers [36m304[0m 145.887 ms - -[0m
2022-07-29 16:48:53 info: [0mGET /api/users/getUsers [36m304[0m 150.184 ms - -[0m
2022-07-29 16:49:02 error: [POST] /api/users/createUser >> StatusCode:: 500, Message:: User validation failed: nombre: Name is required, email: Path `email` is required.
2022-07-29 16:49:02 info: [0mPOST /api/users/createUser [31m500[0m 205.306 ms - 96[0m
2022-07-29 16:49:03 error: [POST] /api/users/createUser >> StatusCode:: 500, Message:: User validation failed: nombre: Name is required, email: Path `email` is required.
2022-07-29 16:49:03 info: [0mPOST /api/users/createUser [31m500[0m 201.380 ms - 96[0m
2022-07-29 16:49:03 error: [POST] /api/users/createUser >> StatusCode:: 500, Message:: User validation failed: nombre: Name is required, email: Path `email` is required.
2022-07-29 16:49:03 info: [0mPOST /api/users/createUser [31m500[0m 208.571 ms - 96[0m
2022-07-29 16:49:03 error: [POST] /api/users/createUser >> StatusCode:: 500, Message:: User validation failed: nombre: Name is required, email: Path `email` is required.
2022-07-29 16:49:03 info: [0mPOST /api/users/createUser [31m500[0m 199.253 ms - 96[0m
2022-07-29 16:49:03 error: [POST] /api/users/createUser >> StatusCode:: 500, Message:: User validation failed: nombre: Name is required, email: Path `email` is required.
2022-07-29 16:49:03 info: [0mPOST /api/users/createUser [31m500[0m 207.022 ms - 96[0m
2022-07-29 16:49:04 error: [POST] /api/users/createUser >> StatusCode:: 500, Message:: User validation failed: nombre: Name is required, email: Path `email` is required.
2022-07-29 16:49:04 info: [0mPOST /api/users/createUser [31m500[0m 201.479 ms - 96[0m
2022-07-29 16:49:12 info: [0mGET /api/users/getUsers [36m304[0m 153.843 ms - -[0m
2022-07-29 16:49:37 error: [POST] /api/users/createUser >> StatusCode:: 500, Message:: E11000 duplicate key error collection: ecos-integridad.users index: rut_1 dup key: { rut: null }
2022-07-29 16:49:37 info: [0mPOST /api/users/createUser [31m500[0m 280.735 ms - 110[0m
2022-07-29 16:50:18 info: =================================
2022-07-29 16:50:18 info: ======= ENV: development =======
2022-07-29 16:50:18 info: 🚀 App listening on the port 5103
2022-07-29 16:50:18 info: =================================
2022-07-29 16:51:11 error: [POST] /api/logout >> StatusCode:: 409, Message:: Email gonzalo.orellana@tesso.cl no encontrado
2022-07-29 16:51:11 info: [0mPOST /api/logout [33m409[0m 110.021 ms - 59[0m
2022-07-29 16:51:18 error: [GET] /favicon.ico >> StatusCode:: 404, Message:: ENOENT: no such file or directory, stat 'C:\Users\gorel\Documents\Tesso\Ecos_Integridad\ecos_integridad\client\build\index.html'
2022-07-29 16:51:18 info: [0mGET /favicon.ico [33m404[0m 7.121 ms - 151[0m
2022-07-29 16:51:36 error: [POST] /api/logout >> StatusCode:: 400, Message:: Se requieren credenciales
2022-07-29 16:51:36 info: [0mPOST /api/logout [33m400[0m 2.993 ms - 39[0m
2022-07-29 16:52:23 info: =================================
2022-07-29 16:52:23 info: ======= ENV: development =======
2022-07-29 16:52:23 info: 🚀 App listening on the port 5103
2022-07-29 16:52:23 info: =================================
2022-07-29 16:52:51 info: [0mPOST /api/login [32m200[0m 157.127 ms - 585[0m
2022-07-29 16:52:53 info: [0mGET /api/users/getUsers [32m200[0m 152.808 ms - 406[0m
2022-07-29 16:53:26 error: [POST] /api/users/createUser >> StatusCode:: 500, Message:: E11000 duplicate key error collection: ecos-integridad.users index: rut_1 dup key: { rut: null }
2022-07-29 16:53:26 info: [0mPOST /api/users/createUser [31m500[0m 282.305 ms - 110[0m
2022-07-29 16:54:50 info: =================================
2022-07-29 16:54:50 info: ======= ENV: development =======
2022-07-29 16:54:50 info: 🚀 App listening on the port 5103
2022-07-29 16:54:50 info: =================================
2022-07-29 16:55:20 info: [0mPOST /api/login [32m200[0m 221.398 ms - 585[0m
2022-07-29 16:55:23 info: [0mGET /api/users/getUsers [32m200[0m 156.026 ms - 406[0m
2022-07-29 16:55:52 info: [0mPOST /api/users/createUser [32m201[0m 292.327 ms - 423[0m
2022-07-29 16:55:56 info: [0mGET /api/users/getUsers [32m200[0m 150.164 ms - 801[0m
2022-07-29 17:28:55 info: [0mGET /api/users/getUsers [36m304[0m 150.365 ms - -[0m
2022-07-29 17:36:24 info: [0mPOST /api/users/createUser [32m201[0m 294.349 ms - 423[0m
2022-07-29 17:37:34 info: [0mGET /api/users/getUsers [32m200[0m 176.394 ms - 801[0m
2022-07-29 17:37:46 info: [0mGET /api/users/getUsers [36m304[0m 147.176 ms - -[0m
2022-07-29 17:39:09 info: [0mGET /api/users/getUsers [32m200[0m 160.969 ms - 406[0m
2022-07-29 17:39:44 info: [0mPOST /api/users/createUser [32m201[0m 285.568 ms - 440[0m
2022-07-29 17:39:51 info: [0mGET /api/users/getUsers [32m200[0m 149.029 ms - 818[0m
2022-07-29 17:43:31 info: =================================
2022-07-29 17:43:31 info: ======= ENV: development =======
2022-07-29 17:43:31 info: 🚀 App listening on the port 5103
2022-07-29 17:43:31 info: =================================
2022-07-29 17:45:02 info: =================================
2022-07-29 17:45:02 info: ======= ENV: development =======
2022-07-29 17:45:02 info: 🚀 App listening on the port 5103
2022-07-29 17:45:02 info: =================================
2022-07-29 17:46:57 info: =================================
2022-07-29 17:46:57 info: ======= ENV: development =======
2022-07-29 17:46:57 info: 🚀 App listening on the port 5103
2022-07-29 17:46:57 info: =================================
2022-07-29 20:33:32 info: =================================
2022-07-29 20:33:32 info: ======= ENV: development =======
2022-07-29 20:33:32 info: 🚀 App listening on the port 5103
2022-07-29 20:33:32 info: =================================
2022-07-29 20:33:38 info: [0mGET /api/users/getUsers [36m304[0m 155.617 ms - -[0m
2022-07-29 20:34:17 info: [0mPOST /api/users/createUser [32m201[0m 397.837 ms - 436[0m
2022-07-29 20:34:18 info: [0mGET /api/users/getUsers [32m200[0m 163.874 ms - -[0m
2022-07-29 20:34:32 info: [0mGET /api/users/getUsers [36m304[0m 151.843 ms - -[0m
2022-07-29 20:34:38 info: [0mGET /api/users/getUsers [36m304[0m 144.250 ms - -[0m
2022-07-29 20:36:40 info: [0mGET /api/users/getUsers [36m304[0m 147.935 ms - -[0m
2022-07-29 20:38:23 info: [0mGET /api/users/getUsers [36m304[0m 151.069 ms - -[0m
2022-07-29 20:42:14 info: [0mGET /api/users/getUsers [36m304[0m 148.699 ms - -[0m
2022-07-29 20:42:19 info: [0mGET /api/users/getUsers [36m304[0m 151.319 ms - -[0m
2022-07-29 20:42:32 info: [0mGET /api/users/getUsers [36m304[0m 145.957 ms - -[0m
2022-07-29 20:42:37 info: [0mGET /api/users/getUsers [36m304[0m 145.556 ms - -[0m
2022-07-29 20:43:20 info: [0mGET /api/users/getUsers [36m304[0m 146.278 ms - -[0m
2022-07-29 20:43:54 info: [0mGET /api/users/getUsers [36m304[0m 145.789 ms - -[0m
2022-07-29 20:44:14 info: [0mGET /api/users/getUsers [36m304[0m 145.874 ms - -[0m
2022-07-29 20:44:30 info: [0mGET /api/users/getUsers [36m304[0m 205.992 ms - -[0m
2022-07-29 20:50:07 info: [0mGET /api/users/getUsers [36m304[0m 162.519 ms - -[0m
2022-07-29 20:50:30 info: [0mGET /api/users/getUsers [36m304[0m 150.435 ms - -[0m
2022-07-29 20:51:30 info: [0mGET /api/users/getUsers [36m304[0m 172.054 ms - -[0m
2022-07-29 20:51:42 info: [0mGET /api/users/getUsers [36m304[0m 150.331 ms - -[0m
2022-07-29 20:52:17 info: [0mGET /api/users/getUsers [36m304[0m 147.283 ms - -[0m
2022-07-29 20:52:52 info: [0mGET /api/users/getUsers [36m304[0m 166.749 ms - -[0m
2022-07-29 20:52:58 info: [0mGET /api/users/getUsers [36m304[0m 148.200 ms - -[0m
2022-07-29 20:53:27 info: [0mGET /api/users/getUsers [36m304[0m 144.700 ms - -[0m
2022-07-29 20:58:57 info: [0mGET /api/users/getUsers [36m304[0m 143.720 ms - -[0m
2022-07-29 21:03:39 info: [0mGET /api/users/getUsers [36m304[0m 149.204 ms - -[0m
2022-07-29 23:02:02 info: =================================
2022-07-29 23:02:02 info: ======= ENV: development =======
2022-07-29 23:02:02 info: 🚀 App listening on the port 5103
2022-07-29 23:02:02 info: =================================
