2022-10-29 11:51:10 info: =================================
2022-10-29 11:51:10 info: ======= ENV: development =======
2022-10-29 11:51:10 info: 🚀 App listening on the port 5103
2022-10-29 11:51:10 info: =================================
2022-10-29 11:55:39 info: [0mPOST /api/login [32m200[0m 177.605 ms - 585[0m
2022-10-29 11:55:40 info: [0mGET /api/clients/getClients [32m200[0m 278.269 ms - -[0m
2022-10-29 11:55:45 info: [0mGET /api/users/getUsers [32m200[0m 157.228 ms - -[0m
2022-10-29 11:55:51 info: [0mGET /api/orders/getWorkOrders [32m201[0m 318.119 ms - -[0m
2022-10-29 11:56:00 info: [0mGET /api/clients/getClients [36m304[0m 253.259 ms - -[0m
2022-10-29 11:56:01 info: [0mGET /api/users/getSupervisores [32m200[0m 149.894 ms - 463[0m
2022-10-29 11:56:01 info: [0mGET /api/users/getOperadores [32m200[0m 152.281 ms - -[0m
2022-10-29 11:56:02 info: [0mPOST /api/orders/getWoById [32m201[0m 298.523 ms - -[0m
2022-10-29 11:56:02 info: [0mPOST /api/templates/getTemplateByContract [32m201[0m 162.969 ms - -[0m
2022-10-29 11:56:02 info: [0mPOST /api/clients/getClientById [32m200[0m 221.582 ms - 914[0m
2022-10-29 11:56:08 info: [0mGET /api/templates/getTemplates [32m201[0m 248.387 ms - -[0m
2022-10-29 11:56:09 info: [0mGET /api/clients/getClients [36m304[0m 226.580 ms - -[0m
2022-10-29 11:56:34 info: [0mGET /api/clients/getClients [36m304[0m 232.296 ms - -[0m
2022-10-29 11:56:34 info: [0mGET /api/users/getSupervisores [36m304[0m 154.681 ms - -[0m
2022-10-29 11:56:35 info: [0mGET /api/users/getOperadores [36m304[0m 153.351 ms - -[0m
2022-10-29 11:56:35 info: [0mGET /api/orders/getNumberWorkOrders [32m201[0m 150.885 ms - 49[0m
2022-10-29 12:06:39 info: [0mGET /api/users/getUsers [36m304[0m 161.314 ms - -[0m
2022-10-29 12:06:44 info: [0mGET /api/clients/getClients [36m304[0m 225.993 ms - -[0m
2022-10-29 12:06:55 info: [0mGET /api/clients/getClients [36m304[0m 241.235 ms - -[0m
2022-10-29 12:14:42 info: [0mGET /api/clients/getClients [36m304[0m 247.731 ms - -[0m
2022-10-29 12:15:06 info: [0mGET /api/clients/getClients [36m304[0m 227.659 ms - -[0m
2022-10-29 12:15:47 info: [0mGET /api/clients/getClients [36m304[0m 227.647 ms - -[0m
2022-10-29 12:20:20 info: [0mGET /api/clients/getClients [36m304[0m 233.015 ms - -[0m
2022-10-29 12:20:25 info: [0mGET /api/clients/getClients [36m304[0m 233.625 ms - -[0m
2022-10-29 12:27:11 info: [0mGET /api/clients/getClients [36m304[0m 230.353 ms - -[0m
2022-10-29 12:27:53 info: [0mGET /api/clients/getClients [36m304[0m 223.407 ms - -[0m
2022-10-29 12:30:49 info: [0mGET /api/clients/getClients [36m304[0m 245.205 ms - -[0m
2022-10-29 12:31:47 info: [0mGET /api/clients/getClients [36m304[0m 231.454 ms - -[0m
2022-10-29 12:37:02 info: [0mGET /api/clients/getClients [36m304[0m 236.698 ms - -[0m
2022-10-29 12:37:30 info: [0mGET /api/clients/getClients [36m304[0m 231.714 ms - -[0m
2022-10-29 12:38:05 info: [0mGET /api/clients/getClients [36m304[0m 226.192 ms - -[0m
2022-10-29 12:40:55 info: [0mGET /api/clients/getClients [36m304[0m 234.006 ms - -[0m
2022-10-29 12:41:19 info: [0mGET /api/clients/getClients [36m304[0m 227.310 ms - -[0m
2022-10-29 12:41:34 info: [0mGET /api/clients/getClients [36m304[0m 236.267 ms - -[0m
2022-10-29 12:41:40 info: [0mGET /api/clients/getClients [36m304[0m 233.459 ms - -[0m
2022-10-29 12:41:47 info: [0mGET /api/clients/getClients [36m304[0m 227.565 ms - -[0m
2022-10-29 12:42:06 info: [0mGET /api/clients/getClients [36m304[0m 228.917 ms - -[0m
2022-10-29 12:42:23 info: [0mGET /api/clients/getClients [36m304[0m 232.557 ms - -[0m
2022-10-29 12:42:39 info: [0mGET /api/clients/getClients [36m304[0m 221.594 ms - -[0m
2022-10-29 12:42:59 info: [0mGET /api/clients/getClients [36m304[0m 238.130 ms - -[0m
2022-10-29 12:43:45 info: [0mGET /api/clients/getClients [36m304[0m 224.005 ms - -[0m
2022-10-29 12:44:08 info: [0mGET /api/clients/getClients [36m304[0m 238.023 ms - -[0m
2022-10-29 12:44:12 info: [0mGET /api/clients/getClients [36m304[0m 223.704 ms - -[0m
2022-10-29 12:44:26 info: [0mGET /api/clients/getClients [36m304[0m 225.680 ms - -[0m
2022-10-29 12:44:33 info: [0mGET /api/clients/getClients [36m304[0m 244.075 ms - -[0m
2022-10-29 12:47:26 info: [0mGET /api/clients/getClients [36m304[0m 226.954 ms - -[0m
2022-10-29 12:48:01 info: [0mGET /api/clients/getClients [36m304[0m 243.851 ms - -[0m
2022-10-29 12:48:32 info: [0mGET /api/clients/getClients [36m304[0m 226.043 ms - -[0m
2022-10-29 12:49:09 info: [0mGET /api/clients/getClients [36m304[0m 236.043 ms - -[0m
2022-10-29 12:49:21 info: [0mGET /api/clients/getClients [36m304[0m 231.485 ms - -[0m
2022-10-29 12:50:06 info: [0mGET /api/clients/getClients [36m304[0m 235.907 ms - -[0m
2022-10-29 12:51:16 info: [0mGET /api/clients/getClients [36m304[0m 225.831 ms - -[0m
2022-10-29 12:51:35 info: [0mGET /api/clients/getClients [36m304[0m 223.600 ms - -[0m
2022-10-29 12:52:04 info: [0mGET /api/clients/getClients [36m304[0m 222.762 ms - -[0m
2022-10-29 12:52:31 info: [0mGET /api/clients/getClients [36m304[0m 281.767 ms - -[0m
2022-10-29 12:53:02 info: [0mGET /api/clients/getClients [36m304[0m 225.339 ms - -[0m
2022-10-29 12:57:01 info: [0mGET /api/clients/getClients [36m304[0m 232.047 ms - -[0m
2022-10-29 12:59:25 info: [0mGET /api/clients/getClients [36m304[0m 227.498 ms - -[0m
2022-10-29 12:59:44 info: [0mGET /api/clients/getClients [36m304[0m 227.715 ms - -[0m
2022-10-29 12:59:56 info: [0mGET /api/clients/getClients [36m304[0m 233.912 ms - -[0m
2022-10-29 13:00:30 info: [0mGET /api/clients/getClients [36m304[0m 224.696 ms - -[0m
2022-10-29 13:03:30 info: [0mGET /api/clients/getClients [36m304[0m 241.305 ms - -[0m
2022-10-29 13:03:32 info: [0mGET /api/users/getUsers [36m304[0m 147.907 ms - -[0m
2022-10-29 13:03:53 info: [0mGET /api/clients/getClients [36m304[0m 233.002 ms - -[0m
2022-10-29 13:03:54 info: [0mGET /api/clients/getClients [36m304[0m 231.129 ms - -[0m
2022-10-29 13:04:19 info: [0mGET /api/clients/getClients [36m304[0m 227.225 ms - -[0m
2022-10-29 13:04:20 info: [0mGET /api/orders/getWorkOrders [32m201[0m 246.389 ms - -[0m
2022-10-29 13:06:17 info: [0mGET /api/clients/getClients [36m304[0m 231.819 ms - -[0m
2022-10-29 13:10:54 info: [0mGET /api/clients/getClients [36m304[0m 235.931 ms - -[0m
2022-10-29 13:10:57 info: [0mGET /api/users/getUsers [36m304[0m 145.915 ms - -[0m
2022-10-29 13:11:00 info: [0mGET /api/orders/getWorkOrders [32m201[0m 257.580 ms - -[0m
2022-10-29 13:11:03 info: [0mGET /api/users/getUsers [36m304[0m 163.582 ms - -[0m
2022-10-29 13:13:50 info: [0mGET /api/clients/getClients [36m304[0m 218.504 ms - -[0m
2022-10-29 13:16:07 info: [0mGET /api/clients/getClients [36m304[0m 228.959 ms - -[0m
2022-10-29 13:16:31 info: [0mGET /api/clients/getClients [36m304[0m 227.572 ms - -[0m
2022-10-29 13:17:46 info: [0mGET /api/clients/getClients [36m304[0m 230.919 ms - -[0m
2022-10-29 13:17:56 info: [0mGET /api/users/getUsers [36m304[0m 158.594 ms - -[0m
2022-10-29 13:17:59 info: [0mGET /api/clients/getClients [36m304[0m 296.305 ms - -[0m
2022-10-29 13:18:02 info: [0mGET /api/orders/getWorkOrders [32m201[0m 247.595 ms - -[0m
2022-10-29 13:18:47 info: [0mGET /api/clients/getClients [36m304[0m 229.499 ms - -[0m
2022-10-29 13:19:13 info: [0mGET /api/users/getUsers [36m304[0m 158.097 ms - -[0m
2022-10-29 13:20:05 info: [0mGET /api/clients/getClients [36m304[0m 225.248 ms - -[0m
2022-10-29 13:20:10 info: [0mGET /api/orders/getWorkOrders [32m201[0m 239.644 ms - -[0m
2022-10-29 13:21:02 info: [0mGET /api/clients/getClients [36m304[0m 225.246 ms - -[0m
2022-10-29 13:21:26 info: [0mGET /api/clients/getClients [36m304[0m 266.766 ms - -[0m
2022-10-29 13:21:37 info: [0mGET /api/clients/getClients [36m304[0m 238.799 ms - -[0m
2022-10-29 13:21:53 info: [0mGET /api/clients/getClients [36m304[0m 236.951 ms - -[0m
2022-10-29 13:22:39 info: [0mGET /api/users/getUsers [36m304[0m 147.559 ms - -[0m
2022-10-29 13:22:58 info: [0mGET /api/clients/getClients [36m304[0m 234.359 ms - -[0m
2022-10-29 13:22:59 info: [0mGET /api/orders/getWorkOrders [32m201[0m 232.775 ms - -[0m
2022-10-29 13:24:40 info: [0mGET /api/orders/getWorkOrders [32m201[0m 245.505 ms - -[0m
2022-10-29 13:24:59 info: [0mGET /api/orders/getWorkOrders [32m201[0m 236.742 ms - -[0m
2022-10-29 13:25:27 info: [0mGET /api/orders/getWorkOrders [32m201[0m 231.025 ms - -[0m
2022-10-29 13:26:48 info: [0mGET /api/orders/getWorkOrders [32m201[0m 237.526 ms - -[0m
2022-10-29 13:27:12 info: [0mGET /api/orders/getWorkOrders [32m201[0m 239.374 ms - -[0m
2022-10-29 13:27:26 info: [0mGET /api/clients/getClients [36m304[0m 232.581 ms - -[0m
2022-10-29 13:27:26 info: [0mGET /api/users/getSupervisores [36m304[0m 154.962 ms - -[0m
2022-10-29 13:27:27 info: [0mGET /api/users/getOperadores [36m304[0m 144.127 ms - -[0m
2022-10-29 13:27:27 info: [0mGET /api/orders/getNumberWorkOrders [32m201[0m 147.458 ms - 49[0m
2022-10-29 13:27:41 info: [0mGET /api/orders/getWorkOrders [32m201[0m 250.714 ms - -[0m
2022-10-29 13:28:29 info: [0mGET /api/orders/getWorkOrders [32m201[0m 245.174 ms - -[0m
2022-10-29 13:28:42 info: [0mGET /api/orders/getWorkOrders [32m201[0m 240.128 ms - -[0m
2022-10-29 13:29:04 info: [0mGET /api/orders/getWorkOrders [32m201[0m 239.611 ms - -[0m
2022-10-29 13:29:21 info: [0mGET /api/orders/getWorkOrders [32m201[0m 230.115 ms - -[0m
2022-10-29 13:29:34 info: [0mGET /api/orders/getWorkOrders [32m201[0m 232.048 ms - -[0m
2022-10-29 13:29:50 info: [0mGET /api/orders/getWorkOrders [32m201[0m 232.215 ms - -[0m
2022-10-29 13:30:00 info: [0mGET /api/orders/getWorkOrders [32m201[0m 233.228 ms - -[0m
2022-10-29 13:30:13 info: [0mGET /api/orders/getWorkOrders [32m201[0m 235.700 ms - -[0m
2022-10-29 13:30:27 info: [0mGET /api/orders/getWorkOrders [32m201[0m 238.267 ms - -[0m
2022-10-29 13:30:33 info: [0mGET /api/orders/getWorkOrders [32m201[0m 230.440 ms - -[0m
2022-10-29 13:30:44 info: [0mGET /api/orders/getWorkOrders [32m201[0m 235.142 ms - -[0m
2022-10-29 13:30:52 info: [0mGET /api/orders/getWorkOrders [32m201[0m 244.416 ms - -[0m
2022-10-29 13:31:03 info: [0mGET /api/orders/getWorkOrders [32m201[0m 235.386 ms - -[0m
2022-10-29 13:31:23 info: [0mGET /api/orders/getWorkOrders [32m201[0m 250.797 ms - -[0m
2022-10-29 13:32:02 info: [0mGET /api/orders/getWorkOrders [32m201[0m 241.434 ms - -[0m
2022-10-29 13:32:54 info: [0mGET /api/orders/getWorkOrders [32m201[0m 228.327 ms - -[0m
2022-10-29 13:33:33 info: [0mGET /api/orders/getWorkOrders [32m201[0m 234.766 ms - -[0m
2022-10-29 13:33:42 info: [0mGET /api/orders/getWorkOrders [32m201[0m 230.125 ms - -[0m
2022-10-29 13:35:05 info: [0mGET /api/orders/getWorkOrders [32m201[0m 230.652 ms - -[0m
2022-10-29 13:35:20 info: [0mGET /api/orders/getWorkOrders [32m201[0m 236.508 ms - -[0m
2022-10-29 13:35:48 info: [0mGET /api/orders/getWorkOrders [32m201[0m 237.154 ms - -[0m
2022-10-29 13:36:02 info: [0mGET /api/orders/getWorkOrders [32m201[0m 237.893 ms - -[0m
2022-10-29 13:36:50 info: [0mGET /api/orders/getWorkOrders [32m201[0m 237.545 ms - -[0m
2022-10-29 13:36:54 info: [0mGET /api/clients/getClients [36m304[0m 220.662 ms - -[0m
2022-10-29 13:36:57 info: [0mGET /api/clients/getClients [32m200[0m 239.457 ms - -[0m
2022-10-29 13:36:59 info: [0mGET /api/orders/getWorkOrders [32m201[0m 238.988 ms - -[0m
2022-10-29 13:37:09 info: [0mGET /api/clients/getClients [36m304[0m 219.510 ms - -[0m
2022-10-29 13:37:09 info: [0mGET /api/users/getSupervisores [36m304[0m 155.862 ms - -[0m
2022-10-29 13:37:10 info: [0mGET /api/users/getOperadores [36m304[0m 140.376 ms - -[0m
2022-10-29 13:37:10 info: [0mGET /api/orders/getNumberWorkOrders [32m201[0m 143.430 ms - 49[0m
2022-10-29 13:37:12 info: [0mGET /api/templates/getTemplates [32m201[0m 236.682 ms - -[0m
2022-10-29 13:37:13 info: [0mGET /api/clients/getClients [36m304[0m 232.837 ms - -[0m
2022-10-29 13:37:20 info: [0mGET /api/clients/getClients [36m304[0m 248.903 ms - -[0m
2022-10-29 13:37:27 info: [0mGET /api/clients/getClients [36m304[0m 228.035 ms - -[0m
2022-10-29 13:37:38 info: [0mGET /api/users/getUsers [36m304[0m 152.146 ms - -[0m
2022-10-29 13:37:51 info: [0mGET /api/orders/getWorkOrders [32m201[0m 242.747 ms - -[0m
2022-10-29 13:37:54 info: [0mGET /api/clients/getClients [36m304[0m 229.620 ms - -[0m
2022-10-29 13:38:22 info: [0mGET /api/users/getUsers [36m304[0m 152.381 ms - -[0m
2022-10-29 13:47:48 info: =================================
2022-10-29 13:47:48 info: ======= ENV: development =======
2022-10-29 13:47:48 info: 🚀 App listening on the port 5103
2022-10-29 13:47:48 info: =================================
2022-10-29 13:49:56 info: [0mGET /api/clients/getClients [32m200[0m 268.416 ms - -[0m
2022-10-29 13:49:59 info: [0mPOST /api/logout [32m200[0m 119.425 ms - 403[0m
2022-10-29 13:51:55 error: [POST] /api/users/editUser >> StatusCode:: 401, Message:: Wrong authentication token
2022-10-29 13:51:55 info: [0mPOST /api/users/editUser [33m401[0m 2.642 ms - 40[0m
2022-10-29 13:51:58 info: [0mPOST /api/logout [32m200[0m 83.683 ms - -[0m
2022-10-29 14:04:19 error: [POST] /api/login >> StatusCode:: 409, Message:: Contraseña incorrecta
2022-10-29 14:04:19 info: [0mPOST /api/login [33m409[0m 129.072 ms - 36[0m
2022-10-29 14:04:30 info: [0mPOST /api/login [32m200[0m 130.876 ms - 585[0m
2022-10-29 14:05:12 info: [0mPOST /api/login [32m200[0m 135.568 ms - 585[0m
2022-10-29 14:05:45 info: [0mPOST /api/login [32m200[0m 129.966 ms - 585[0m
2022-10-29 14:15:32 info: [0mPOST /api/login [32m200[0m 129.544 ms - 585[0m
2022-10-29 14:16:36 info: [0mPOST /api/login [32m200[0m 137.161 ms - 585[0m
2022-10-29 14:27:24 info: [0mPOST /api/login [32m200[0m 132.537 ms - 585[0m
2022-10-29 14:28:20 info: [0mPOST /api/login [32m200[0m 130.380 ms - 585[0m
2022-10-29 14:29:17 info: [0mPOST /api/login [32m200[0m 134.724 ms - 585[0m
2022-10-29 14:29:18 info: [0mGET /api/clients/getClients [36m304[0m 233.972 ms - -[0m
2022-10-29 14:30:25 info: [0mPOST /api/login [32m200[0m 129.522 ms - 585[0m
2022-10-29 14:33:14 info: [0mGET /api/orders/getWorkOrders [32m201[0m 335.349 ms - -[0m
2022-10-29 15:49:51 info: [0mGET /api/clients/getClients [36m304[0m 248.966 ms - -[0m
2022-10-29 15:49:54 info: [0mGET /api/users/getUsers [36m304[0m 145.389 ms - -[0m
2022-10-29 15:50:28 info: [0mGET /api/users/getUsers [36m304[0m 159.401 ms - -[0m
2022-10-29 15:50:59 info: [0mPOST /api/login [32m200[0m 130.546 ms - 631[0m
2022-10-29 15:51:00 info: [0mGET /api/clients/getClients [32m200[0m 233.551 ms - -[0m
2022-10-29 15:52:16 info: [0mPOST /api/users/createUser [32m201[0m 305.398 ms - 431[0m
2022-10-29 15:52:17 info: [0mGET /api/users/getUsers [32m200[0m 155.620 ms - -[0m
2022-10-29 15:52:17 info: [0mGET /api/users/getUsers [36m304[0m 171.168 ms - -[0m
2022-10-29 15:52:23 info: [0mPOST /api/logout [32m200[0m 89.331 ms - 449[0m
2022-10-29 15:52:30 info: [0mPOST /api/login [32m200[0m 129.090 ms - 612[0m
2022-10-29 15:52:52 info: [0mPOST /api/users/editUser [32m200[0m 174.825 ms - 431[0m
2022-10-29 15:53:04 info: [0mPOST /api/orders/getWoByUserId [32m201[0m 153.389 ms - 52[0m
2022-10-29 15:53:10 info: [0mPOST /api/logout [32m200[0m 76.319 ms - -[0m
2022-10-29 16:01:24 info: [0mPOST /api/logout [32m200[0m 82.879 ms - 403[0m
2022-10-29 16:01:27 info: [0mPOST /api/login [32m200[0m 134.490 ms - 585[0m
2022-10-29 16:01:28 info: [0mGET /api/clients/getClients [36m304[0m 235.432 ms - -[0m
2022-10-29 16:01:30 info: [0mGET /api/users/getUsers [32m200[0m 225.918 ms - -[0m
2022-10-29 16:01:37 info: [0mPOST /api/login [32m200[0m 131.568 ms - -[0m
2022-10-29 16:01:38 info: [0mGET /api/clients/getClients [36m304[0m 231.311 ms - -[0m
2022-10-29 16:01:47 info: [0mGET /api/users/getUsers [32m200[0m 232.494 ms - -[0m
2022-10-29 16:02:19 info: [0mGET /api/users/getUsers [36m304[0m 218.158 ms - -[0m
2022-10-29 16:02:42 info: [0mGET /api/clients/getClients [36m304[0m 227.655 ms - -[0m
2022-10-29 16:02:42 info: [0mGET /api/clients/getClients [36m304[0m 244.289 ms - -[0m
2022-10-29 16:02:46 info: [0mGET /api/clients/getClients [36m304[0m 223.067 ms - -[0m
2022-10-29 16:02:51 info: [0mGET /api/clients/getClients [36m304[0m 235.167 ms - -[0m
2022-10-29 16:02:52 info: [0mGET /api/users/getUsers [36m304[0m 224.224 ms - -[0m
2022-10-29 16:03:08 info: [0mGET /api/clients/getClients [36m304[0m 232.235 ms - -[0m
2022-10-29 16:03:08 info: [0mGET /api/clients/getClients [36m304[0m 254.125 ms - -[0m
2022-10-29 16:03:14 info: [0mGET /api/clients/getClients [32m200[0m 248.382 ms - -[0m
2022-10-29 16:03:57 info: [0mGET /api/clients/getClients [36m304[0m 226.560 ms - -[0m
2022-10-29 16:03:57 info: [0mGET /api/clients/getClients [36m304[0m 221.275 ms - -[0m
2022-10-29 16:04:30 info: [0mGET /api/clients/getClients [36m304[0m 237.423 ms - -[0m
2022-10-29 16:04:30 info: [0mGET /api/clients/getClients [36m304[0m 224.971 ms - -[0m
2022-10-29 16:05:03 info: [0mGET /api/clients/getClients [36m304[0m 234.816 ms - -[0m
2022-10-29 16:05:03 info: [0mGET /api/clients/getClients [36m304[0m 233.737 ms - -[0m
2022-10-29 16:06:00 info: [0mGET /api/clients/getClients [36m304[0m 243.536 ms - -[0m
2022-10-29 16:06:00 info: [0mGET /api/clients/getClients [36m304[0m 236.698 ms - -[0m
2022-10-29 16:06:46 info: [0mGET /api/clients/getClients [36m304[0m 233.555 ms - -[0m
2022-10-29 16:06:46 info: [0mGET /api/clients/getClients [36m304[0m 219.742 ms - -[0m
2022-10-29 16:07:38 info: [0mGET /api/clients/getClients [36m304[0m 232.292 ms - -[0m
2022-10-29 16:07:38 info: [0mGET /api/clients/getClients [36m304[0m 226.783 ms - -[0m
2022-10-29 16:07:47 info: [0mGET /api/clients/getClients [36m304[0m 263.162 ms - -[0m
2022-10-29 16:07:47 info: [0mGET /api/clients/getClients [36m304[0m 222.931 ms - -[0m
2022-10-29 16:07:59 info: [0mGET /api/clients/getClients [36m304[0m 234.478 ms - -[0m
2022-10-29 16:07:59 info: [0mGET /api/clients/getClients [36m304[0m 231.810 ms - -[0m
2022-10-29 16:08:04 info: [0mGET /api/clients/getClients [36m304[0m 232.958 ms - -[0m
2022-10-29 16:08:37 info: [0mGET /api/clients/getClients [36m304[0m 238.071 ms - -[0m
2022-10-29 16:08:38 info: [0mGET /api/clients/getClients [36m304[0m 229.784 ms - -[0m
2022-10-29 16:08:49 info: [0mGET /api/clients/getClients [36m304[0m 240.857 ms - -[0m
2022-10-29 16:08:56 info: [0mGET /api/orders/getWorkOrders [32m201[0m 240.874 ms - -[0m
2022-10-29 16:09:05 info: [0mGET /api/clients/getClients [36m304[0m 230.227 ms - -[0m
2022-10-29 16:09:07 info: [0mPOST /api/clients/getClientById [32m200[0m 229.163 ms - 914[0m
2022-10-29 16:09:13 info: [0mPOST /api/clients/getClientById [32m200[0m 231.502 ms - 914[0m
2022-10-29 16:09:28 info: [0mGET /api/users/getUsers [36m304[0m 216.567 ms - -[0m
2022-10-29 16:13:51 info: [0mGET /api/clients/getClients [36m304[0m 223.991 ms - -[0m
2022-10-29 16:13:51 info: [0mGET /api/clients/getClients [36m304[0m 227.853 ms - -[0m
2022-10-29 16:14:04 info: [0mGET /api/clients/getClients [36m304[0m 239.726 ms - -[0m
2022-10-29 16:14:15 info: [0mGET /api/clients/getClients [36m304[0m 232.065 ms - -[0m
2022-10-29 16:15:25 info: [0mGET /api/clients/getClients [36m304[0m 230.407 ms - -[0m
2022-10-29 16:15:26 info: [0mGET /api/clients/getClients [36m304[0m 230.480 ms - -[0m
2022-10-29 16:15:41 info: [0mGET /api/clients/getClients [36m304[0m 235.619 ms - -[0m
2022-10-29 16:17:43 info: [0mGET /api/clients/getClients [36m304[0m 246.850 ms - -[0m
2022-10-29 16:19:05 info: [0mGET /api/users/getUsers [36m304[0m 217.736 ms - -[0m
2022-10-29 16:19:13 info: [0mGET /api/clients/getClients [36m304[0m 229.538 ms - -[0m
2022-10-29 16:19:28 info: [0mGET /api/clients/getClients [36m304[0m 258.150 ms - -[0m
2022-10-29 16:19:40 info: [0mGET /api/users/getUsers [36m304[0m 226.566 ms - -[0m
2022-10-29 16:20:20 error: [POST] /api/users/editUser >> StatusCode:: 401, Message:: Wrong authentication token
2022-10-29 16:20:20 info: [0mPOST /api/users/editUser [33m401[0m 3.055 ms - 40[0m
2022-10-29 16:20:23 info: [0mPOST /api/logout [32m200[0m 76.236 ms - -[0m
2022-10-29 16:20:39 info: [0mPOST /api/login [32m200[0m 142.864 ms - 631[0m
2022-10-29 16:20:40 info: [0mGET /api/clients/getClients [32m200[0m 235.644 ms - -[0m
2022-10-29 16:21:24 info: [0mGET /api/clients/getClients [36m304[0m 249.023 ms - -[0m
2022-10-29 16:23:00 info: [0mGET /api/clients/getClients [36m304[0m 238.685 ms - -[0m
2022-10-29 16:25:05 info: [0mGET /api/clients/getClients [36m304[0m 227.834 ms - -[0m
2022-10-29 16:25:17 info: [0mGET /api/clients/getClients [36m304[0m 229.586 ms - -[0m
2022-10-29 16:25:36 info: [0mGET /api/clients/getClients [36m304[0m 234.822 ms - -[0m
2022-10-29 16:26:25 info: [0mGET /api/clients/getClients [36m304[0m 254.813 ms - -[0m
2022-10-29 16:26:35 info: [0mGET /api/clients/getClients [36m304[0m 237.410 ms - -[0m
2022-10-29 16:26:59 info: [0mGET /api/clients/getClients [36m304[0m 236.735 ms - -[0m
2022-10-29 16:26:59 info: [0mGET /api/clients/getClients [36m304[0m 222.476 ms - -[0m
2022-10-29 16:26:59 info: [0mGET /api/clients/getClients [36m304[0m 222.972 ms - -[0m
2022-10-29 16:27:42 info: [0mPOST /api/logout [32m200[0m 73.303 ms - 449[0m
2022-10-29 16:27:53 info: [0mPOST /api/login [32m200[0m 134.012 ms - 631[0m
2022-10-29 16:27:55 info: [0mGET /api/clients/getClients [36m304[0m 237.180 ms - -[0m
2022-10-29 16:28:38 info: [0mGET /api/users/getUsers [32m200[0m 221.844 ms - -[0m
2022-10-29 16:28:54 info: [0mGET /api/clients/getClients [36m304[0m 232.231 ms - -[0m
2022-10-29 16:28:59 info: [0mGET /api/users/getUsers [36m304[0m 232.128 ms - -[0m
2022-10-29 16:29:57 info: [0mGET /api/users/getUsers [36m304[0m 218.869 ms - -[0m
2022-10-29 16:29:59 info: [0mGET /api/clients/getClients [36m304[0m 301.652 ms - -[0m
2022-10-29 16:30:04 info: [0mGET /api/orders/getWorkOrders [32m201[0m 238.173 ms - -[0m
2022-10-29 16:30:08 info: [0mGET /api/clients/getClients [36m304[0m 240.025 ms - -[0m
2022-10-29 16:30:08 info: [0mGET /api/users/getSupervisores [32m200[0m 149.937 ms - -[0m
2022-10-29 16:30:09 info: [0mGET /api/users/getOperadores [32m200[0m 145.684 ms - -[0m
2022-10-29 16:30:09 info: [0mGET /api/orders/getNumberWorkOrders [32m201[0m 144.194 ms - 49[0m
2022-10-29 16:30:11 info: [0mGET /api/templates/getTemplates [32m201[0m 242.208 ms - -[0m
2022-10-29 16:30:12 info: [0mGET /api/clients/getClients [36m304[0m 223.869 ms - -[0m
2022-10-29 16:30:28 info: [0mGET /api/clients/getClients [36m304[0m 233.199 ms - -[0m
2022-10-29 16:30:32 info: [0mPOST /api/clients/getClientById [32m200[0m 233.738 ms - 914[0m
2022-10-29 16:30:59 info: [0mGET /api/users/getUsers [36m304[0m 220.228 ms - -[0m
2022-10-29 16:31:09 info: [0mPOST /api/users/getUserById [32m200[0m 147.772 ms - 379[0m
2022-10-29 16:33:06 info: [0mGET /api/orders/getWorkOrders [32m201[0m 247.554 ms - -[0m
2022-10-29 16:33:17 info: [0mGET /api/clients/getClients [36m304[0m 225.692 ms - -[0m
2022-10-29 16:34:37 info: [0mGET /api/clients/getClients [36m304[0m 229.906 ms - -[0m
2022-10-29 16:35:24 info: [0mGET /api/clients/getClients [36m304[0m 226.234 ms - -[0m
2022-10-29 16:41:53 info: [0mGET /api/clients/getClients [32m200[0m 223.255 ms - -[0m
2022-10-29 16:42:00 info: [0mGET /api/clients/getClients [36m304[0m 226.689 ms - -[0m
2022-10-29 16:42:52 info: [0mGET /api/clients/getClients [36m304[0m 224.769 ms - -[0m
2022-10-29 16:42:58 info: [0mGET /api/clients/getClients [32m200[0m 236.821 ms - -[0m
2022-10-29 16:43:53 info: [0mGET /api/clients/getClients [36m304[0m 221.724 ms - -[0m
2022-10-29 16:44:09 info: [0mGET /api/clients/getClients [36m304[0m 221.516 ms - -[0m
2022-10-29 16:44:19 info: [0mGET /api/clients/getClients [36m304[0m 226.279 ms - -[0m
2022-10-29 16:45:00 info: [0mGET /api/clients/getClients [36m304[0m 232.772 ms - -[0m
2022-10-29 16:46:26 info: [0mGET /api/clients/getClients [36m304[0m 235.887 ms - -[0m
2022-10-29 16:53:24 info: [0mGET /api/clients/getClients [36m304[0m 234.847 ms - -[0m
2022-10-29 16:53:51 info: [0mGET /api/clients/getClients [36m304[0m 263.451 ms - -[0m
2022-10-29 16:54:21 info: [0mGET /api/clients/getClients [36m304[0m 223.257 ms - -[0m
2022-10-29 16:54:34 info: [0mGET /api/clients/getClients [36m304[0m 226.405 ms - -[0m
2022-10-29 16:55:12 info: [0mGET /api/clients/getClients [36m304[0m 226.471 ms - -[0m
2022-10-29 16:55:28 info: [0mGET /api/clients/getClients [32m200[0m 232.269 ms - -[0m
2022-10-29 16:56:04 info: [0mGET /api/clients/getClients [36m304[0m 226.784 ms - -[0m
2022-10-29 16:57:42 info: [0mGET /api/clients/getClients [36m304[0m 233.668 ms - -[0m
2022-10-29 16:58:01 info: [0mGET /api/clients/getClients [36m304[0m 224.804 ms - -[0m
2022-10-29 16:58:51 info: [0mGET /api/clients/getClients [36m304[0m 226.890 ms - -[0m
2022-10-29 17:00:15 info: [0mGET /api/clients/getClients [32m200[0m 244.439 ms - -[0m
2022-10-29 17:00:30 info: [0mGET /api/clients/getClients [36m304[0m 229.370 ms - -[0m
2022-10-29 17:01:39 info: [0mGET /api/clients/getClients [36m304[0m 221.062 ms - -[0m
2022-10-29 17:01:50 info: [0mGET /api/clients/getClients [36m304[0m 224.148 ms - -[0m
2022-10-29 17:01:55 info: [0mGET /api/clients/getClients [36m304[0m 258.437 ms - -[0m
2022-10-29 17:01:56 info: [0mGET /api/clients/getClients [36m304[0m 229.851 ms - -[0m
2022-10-29 17:03:04 info: [0mGET /api/clients/getClients [36m304[0m 221.165 ms - -[0m
2022-10-29 17:04:59 info: [0mGET /api/clients/getClients [36m304[0m 234.237 ms - -[0m
2022-10-29 17:07:13 info: [0mGET /api/clients/getClients [36m304[0m 250.608 ms - -[0m
2022-10-29 17:07:14 info: [0mGET /api/clients/getClients [36m304[0m 223.799 ms - -[0m
2022-10-29 17:09:13 info: [0mGET /api/clients/getClients [36m304[0m 228.322 ms - -[0m
2022-10-29 17:09:14 info: [0mGET /api/clients/getClients [36m304[0m 222.108 ms - -[0m
2022-10-29 17:25:05 info: [0mGET /api/clients/getClients [36m304[0m 241.007 ms - -[0m
2022-10-29 17:25:06 info: [0mGET /api/clients/getClients [36m304[0m 227.009 ms - -[0m
2022-10-29 17:25:17 info: [0mGET /api/clients/getClients [32m200[0m 237.609 ms - -[0m
2022-10-29 17:27:51 info: [0mGET /api/clients/getClients [36m304[0m 236.566 ms - -[0m
2022-10-29 17:28:17 info: [0mGET /api/clients/getClients [36m304[0m 253.845 ms - -[0m
2022-10-29 17:28:24 info: [0mGET /api/clients/getClients [32m200[0m 236.023 ms - -[0m
2022-10-29 17:29:59 info: [0mGET /api/clients/getClients [36m304[0m 228.014 ms - -[0m
2022-10-29 17:30:05 info: [0mGET /api/clients/getClients [32m200[0m 230.651 ms - -[0m
2022-10-29 17:32:21 info: [0mGET /api/clients/getClients [36m304[0m 236.286 ms - -[0m
2022-10-29 17:34:22 info: [0mGET /api/clients/getClients [36m304[0m 239.082 ms - -[0m
2022-10-29 17:34:28 info: [0mGET /api/clients/getClients [36m304[0m 251.198 ms - -[0m
2022-10-29 17:35:46 info: =================================
2022-10-29 17:35:46 info: ======= ENV: development =======
2022-10-29 17:35:46 info: 🚀 App listening on the port 5103
2022-10-29 17:35:46 info: =================================
