2023-04-15 10:00:44 info: =================================
2023-04-15 10:00:44 info: ======= ENV: development =======
2023-04-15 10:00:44 info: 🚀 App listening on the port 5103
2023-04-15 10:00:44 info: =================================
2023-04-15 10:00:51 error: [GET] /api/users/getUsers >> StatusCode:: 401, Message:: Wrong authentication token
2023-04-15 10:00:51 info: [0mGET /api/users/getUsers [33m401[0m 5.738 ms - 40[0m
2023-04-15 10:01:02 info: [0mPOST /api/logout [32m200[0m 165.400 ms - 403[0m
2023-04-15 10:01:22 info: [0mPOST /api/login [32m200[0m 250.605 ms - 585[0m
2023-04-15 10:01:24 info: [0mGET /api/clients/getClients [32m200[0m 961.607 ms - -[0m
2023-04-15 10:01:31 info: [0mGET /api/clients/getClients [32m200[0m 235.544 ms - -[0m
2023-04-15 10:01:33 info: [0mGET /api/users/getUsers [32m200[0m 334.474 ms - -[0m
2023-04-15 10:01:39 info: [0mGET /api/clients/getClients [36m304[0m 315.460 ms - -[0m
2023-04-15 10:01:45 info: [0mGET /api/orders/getWorkOrders [32m201[0m 810.729 ms - -[0m
2023-04-15 10:03:14 info: [0mGET /api/users/getUsers [36m304[0m 242.625 ms - -[0m
2023-04-15 10:03:18 info: [0mGET /api/clients/getClients [36m304[0m 584.539 ms - -[0m
2023-04-15 10:03:23 info: [0mGET /api/orders/getWorkOrders [32m201[0m 258.980 ms - -[0m
2023-04-15 10:03:29 info: [0mGET /api/clients/getClients [36m304[0m 237.506 ms - -[0m
2023-04-15 10:03:30 info: [0mGET /api/users/getSupervisores [32m200[0m 155.654 ms - -[0m
2023-04-15 10:03:30 info: [0mGET /api/users/getOperadores [32m200[0m 152.218 ms - -[0m
2023-04-15 10:03:31 info: [0mPOST /api/orders/getWoById [32m201[0m 292.602 ms - -[0m
2023-04-15 10:03:31 info: [0mPOST /api/clients/getClientById [32m200[0m 210.957 ms - 914[0m
2023-04-15 10:03:32 info: [0mPOST /api/templates/getTemplateByContract [32m201[0m 153.500 ms - -[0m
2023-04-15 10:05:41 info: =================================
2023-04-15 10:05:41 info: ======= ENV: development =======
2023-04-15 10:05:41 info: 🚀 App listening on the port 5103
2023-04-15 10:05:41 info: =================================
2023-04-15 10:06:27 info: =================================
2023-04-15 10:06:27 info: ======= ENV: development =======
2023-04-15 10:06:27 info: 🚀 App listening on the port 5103
2023-04-15 10:06:27 info: =================================
2023-04-15 10:08:35 info: [0mGET /api/clients/getClients [36m304[0m 483.582 ms - -[0m
2023-04-15 10:08:35 info: [0mGET /api/users/getSupervisores [36m304[0m 409.548 ms - -[0m
2023-04-15 10:08:36 info: [0mGET /api/users/getOperadores [36m304[0m 466.509 ms - -[0m
2023-04-15 10:08:37 info: [0mGET /api/orders/getNumberWorkOrders [32m201[0m 387.527 ms - 49[0m
2023-04-15 10:14:27 info: [0mGET /api/clients/getClients [36m304[0m 542.462 ms - -[0m
2023-04-15 10:14:27 info: [0mGET /api/users/getSupervisores [36m304[0m 383.464 ms - -[0m
2023-04-15 10:14:28 info: [0mGET /api/users/getOperadores [36m304[0m 141.650 ms - -[0m
2023-04-15 10:14:29 info: [0mGET /api/orders/getNumberWorkOrders [32m201[0m 297.178 ms - 49[0m
2023-04-15 10:16:40 info: [0mGET /api/clients/getClients [36m304[0m 944.626 ms - -[0m
2023-04-15 10:16:41 info: [0mGET /api/users/getSupervisores [36m304[0m 358.370 ms - -[0m
2023-04-15 10:16:42 info: [0mGET /api/users/getOperadores [36m304[0m 149.555 ms - -[0m
2023-04-15 10:16:42 info: [0mGET /api/orders/getNumberWorkOrders [32m201[0m 139.560 ms - 49[0m
2023-04-15 10:16:52 info: [0mGET /api/clients/getClients [36m304[0m 509.665 ms - -[0m
2023-04-15 10:16:53 info: [0mGET /api/users/getSupervisores [36m304[0m 164.993 ms - -[0m
2023-04-15 10:16:53 info: [0mGET /api/users/getOperadores [36m304[0m 172.412 ms - -[0m
2023-04-15 10:16:54 info: [0mGET /api/orders/getNumberWorkOrders [32m201[0m 171.962 ms - 49[0m
2023-04-15 10:17:42 info: [0mGET /api/clients/getClients [36m304[0m 244.748 ms - -[0m
2023-04-15 10:17:43 info: [0mGET /api/users/getSupervisores [36m304[0m 145.008 ms - -[0m
2023-04-15 10:17:43 info: [0mGET /api/users/getOperadores [36m304[0m 136.283 ms - -[0m
2023-04-15 10:17:44 info: [0mGET /api/orders/getNumberWorkOrders [32m201[0m 141.239 ms - 49[0m
2023-04-15 10:18:20 info: [0mGET /api/clients/getClients [36m304[0m 740.289 ms - -[0m
2023-04-15 10:18:21 info: [0mGET /api/users/getSupervisores [36m304[0m 376.682 ms - -[0m
2023-04-15 10:18:22 info: [0mGET /api/users/getOperadores [36m304[0m 387.410 ms - -[0m
2023-04-15 10:18:22 info: [0mGET /api/orders/getNumberWorkOrders [32m201[0m 143.079 ms - 49[0m
2023-04-15 10:19:39 info: [0mPOST /api/clients/getClientById [32m200[0m 558.634 ms - 914[0m
2023-04-15 10:19:46 info: [0mPOST /api/templates/getTemplateByContract [32m201[0m 749.993 ms - -[0m
2023-04-15 10:20:15 info: [0mGET /api/clients/getClients [36m304[0m 758.644 ms - -[0m
2023-04-15 10:20:15 info: [0mGET /api/users/getSupervisores [36m304[0m 356.141 ms - -[0m
2023-04-15 10:20:16 info: [0mGET /api/users/getOperadores [36m304[0m 286.019 ms - -[0m
2023-04-15 10:20:16 info: [0mGET /api/orders/getNumberWorkOrders [32m201[0m 241.844 ms - 49[0m
2023-04-15 10:20:31 info: [0mGET /api/clients/getClients [36m304[0m 524.103 ms - -[0m
2023-04-15 10:20:31 info: [0mGET /api/users/getSupervisores [36m304[0m 361.233 ms - -[0m
2023-04-15 10:20:32 info: [0mGET /api/users/getOperadores [36m304[0m 270.949 ms - -[0m
2023-04-15 10:20:33 info: [0mGET /api/orders/getNumberWorkOrders [32m201[0m 286.699 ms - 49[0m
2023-04-15 10:24:44 info: [0mGET /api/clients/getClients [36m304[0m 556.198 ms - -[0m
2023-04-15 10:24:45 info: [0mGET /api/users/getSupervisores [36m304[0m 243.874 ms - -[0m
2023-04-15 10:24:45 info: [0mGET /api/users/getOperadores [36m304[0m 176.153 ms - -[0m
2023-04-15 10:24:46 info: [0mGET /api/orders/getNumberWorkOrders [32m201[0m 213.900 ms - 49[0m
2023-04-15 10:26:12 info: [0mGET /api/clients/getClients [36m304[0m 220.911 ms - -[0m
2023-04-15 10:26:12 info: [0mGET /api/users/getSupervisores [36m304[0m 417.723 ms - -[0m
2023-04-15 10:26:13 info: [0mGET /api/users/getOperadores [36m304[0m 363.451 ms - -[0m
2023-04-15 10:26:14 info: [0mGET /api/orders/getNumberWorkOrders [32m201[0m 150.161 ms - 49[0m
2023-04-15 10:27:04 info: [0mGET /api/clients/getClients [36m304[0m 778.375 ms - -[0m
2023-04-15 10:27:05 info: [0mGET /api/users/getSupervisores [36m304[0m 701.639 ms - -[0m
2023-04-15 10:27:06 info: [0mGET /api/users/getOperadores [36m304[0m 171.754 ms - -[0m
2023-04-15 10:27:07 info: [0mGET /api/orders/getNumberWorkOrders [32m201[0m 277.830 ms - 49[0m
2023-04-15 10:36:28 info: [0mGET /api/clients/getClients [36m304[0m 525.108 ms - -[0m
2023-04-15 10:36:29 info: [0mGET /api/users/getSupervisores [36m304[0m 145.831 ms - -[0m
2023-04-15 10:36:29 info: [0mGET /api/users/getOperadores [36m304[0m 144.356 ms - -[0m
2023-04-15 10:36:30 info: [0mGET /api/orders/getNumberWorkOrders [32m201[0m 145.010 ms - 49[0m
2023-04-15 10:37:51 info: [0mGET /api/clients/getClients [36m304[0m 350.907 ms - -[0m
2023-04-15 10:37:52 info: [0mGET /api/users/getSupervisores [36m304[0m 316.383 ms - -[0m
2023-04-15 10:37:53 info: [0mGET /api/users/getOperadores [36m304[0m 192.952 ms - -[0m
2023-04-15 10:37:53 info: [0mGET /api/orders/getNumberWorkOrders [32m201[0m 511.054 ms - 49[0m
2023-04-15 10:38:07 info: [0mPOST /api/clients/getClientById [32m200[0m 593.176 ms - 914[0m
2023-04-15 10:38:41 info: [0mGET /api/clients/getClients [36m304[0m 509.546 ms - -[0m
2023-04-15 10:38:42 info: [0mGET /api/users/getSupervisores [36m304[0m 230.947 ms - -[0m
2023-04-15 10:38:42 info: [0mGET /api/users/getOperadores [36m304[0m 303.365 ms - -[0m
2023-04-15 10:38:43 info: [0mGET /api/orders/getNumberWorkOrders [32m201[0m 367.010 ms - 49[0m
2023-04-15 10:49:25 info: =================================
2023-04-15 10:49:25 info: ======= ENV: development =======
2023-04-15 10:49:25 info: 🚀 App listening on the port 5103
2023-04-15 10:49:25 info: =================================
2023-04-15 10:49:29 info: [0mPOST /api/logout [32m200[0m 359.171 ms - 403[0m
2023-04-15 10:49:55 info: [0mPOST /api/login [32m200[0m 148.114 ms - 585[0m
2023-04-15 10:49:57 info: [0mGET /api/clients/getClients [32m200[0m 156.120 ms - 31[0m
2023-04-15 12:08:38 info: [0mPOST /api/logout [32m200[0m 101.447 ms - 403[0m
2023-04-15 12:09:02 info: [0mPOST /api/login [32m200[0m 135.325 ms - 585[0m
2023-04-15 12:12:33 info: [0mPOST /api/login [32m200[0m 131.462 ms - 585[0m
2023-04-15 12:18:33 info: [0mPOST /api/login [32m200[0m 124.713 ms - 585[0m
2023-04-15 12:18:34 info: [0mGET /api/clients/getClients [36m304[0m 155.059 ms - -[0m
2023-04-15 12:21:11 info: [0mGET /api/clients/getClients [36m304[0m 143.739 ms - -[0m
2023-04-15 12:21:15 info: [0mPOST /api/logout [32m200[0m 75.661 ms - 403[0m
2023-04-15 12:21:32 info: [0mPOST /api/login [32m200[0m 135.912 ms - 585[0m
2023-04-15 12:21:32 info: [0mGET /api/clients/getClients [36m304[0m 141.143 ms - -[0m
2023-04-15 12:22:56 info: [0mGET /api/clients/getClients [36m304[0m 637.149 ms - -[0m
2023-04-15 12:23:00 info: [0mPOST /api/logout [32m200[0m 71.088 ms - 403[0m
2023-04-15 12:23:23 info: [0mPOST /api/login [32m200[0m 124.810 ms - 585[0m
2023-04-15 12:23:23 info: [0mGET /api/clients/getClients [36m304[0m 146.999 ms - -[0m
2023-04-15 12:23:58 info: [0mGET /api/clients/getClients [36m304[0m 139.642 ms - -[0m
2023-04-15 12:24:20 info: [0mPOST /api/logout [32m200[0m 75.809 ms - 403[0m
2023-04-15 12:28:22 info: [0mPOST /api/login [32m200[0m 132.402 ms - 585[0m
2023-04-15 12:28:22 info: [0mGET /api/clients/getClients [36m304[0m 145.386 ms - -[0m
2023-04-15 12:28:28 info: [0mGET /api/clients/getClients [36m304[0m 161.731 ms - -[0m
2023-04-15 12:28:33 info: [0mGET /api/orders/getWorkOrders [32m201[0m 141.568 ms - 40[0m
2023-04-15 12:28:37 info: [0mGET /api/clients/getClients [36m304[0m 161.709 ms - -[0m
2023-04-15 12:29:55 info: [0mPOST /api/login [32m200[0m 129.441 ms - 585[0m
2023-04-15 12:29:55 info: [0mGET /api/clients/getClients [36m304[0m 146.169 ms - -[0m
2023-04-15 12:32:02 info: [0mPOST /api/login [32m200[0m 132.969 ms - 585[0m
2023-04-15 12:32:02 info: [0mGET /api/clients/getClients [36m304[0m 143.165 ms - -[0m
2023-04-15 12:33:45 info: [0mGET /api/clients/getClients [36m304[0m 148.965 ms - -[0m
2023-04-15 12:33:48 info: [0mGET /api/users/getUsers [32m200[0m 144.907 ms - 406[0m
2023-04-15 12:33:52 info: [0mPOST /api/logout [32m200[0m 78.738 ms - 403[0m
2023-04-15 12:34:11 info: [0mPOST /api/login [32m200[0m 142.513 ms - 585[0m
2023-04-15 12:38:07 info: [0mPOST /api/login [32m200[0m 133.867 ms - 585[0m
2023-04-15 12:38:08 info: [0mGET /api/clients/getClients [36m304[0m 153.734 ms - -[0m
2023-04-15 12:38:10 info: [0mGET /api/users/getUsers [36m304[0m 149.358 ms - -[0m
2023-04-15 12:38:14 info: [0mGET /api/clients/getClients [36m304[0m 150.349 ms - -[0m
2023-04-15 12:38:17 info: [0mGET /api/orders/getWorkOrders [32m201[0m 145.759 ms - 40[0m
2023-04-15 12:38:24 info: [0mGET /api/users/getUsers [36m304[0m 151.491 ms - -[0m
2023-04-15 12:38:55 info: [0mGET /api/clients/getClients [36m304[0m 145.714 ms - -[0m
2023-04-15 12:40:47 info: [0mGET /api/clients/getClients [36m304[0m 152.288 ms - -[0m
2023-04-15 12:42:24 info: [0mGET /api/clients/getClients [36m304[0m 143.885 ms - -[0m
2023-04-15 12:51:35 info: [0mGET /api/users/getUsers [36m304[0m 145.423 ms - -[0m
2023-04-15 12:51:35 info: [0mGET /api/clients/getClients [36m304[0m 150.032 ms - -[0m
2023-04-15 12:51:43 info: [0mPOST /api/logout [32m200[0m 72.745 ms - 403[0m
2023-04-15 12:51:59 info: [0mPOST /api/login [32m200[0m 142.205 ms - 585[0m
2023-04-15 12:51:59 info: [0mGET /api/users/getUsers [36m304[0m 150.047 ms - -[0m
2023-04-15 12:51:59 info: [0mGET /api/clients/getClients [36m304[0m 147.460 ms - -[0m
2023-04-15 12:52:36 info: [0mGET /api/users/getUsers [36m304[0m 149.077 ms - -[0m
2023-04-15 12:52:36 info: [0mGET /api/clients/getClients [36m304[0m 146.475 ms - -[0m
2023-04-15 12:52:54 info: [0mGET /api/users/getUsers [36m304[0m 148.351 ms - -[0m
2023-04-15 12:52:54 info: [0mGET /api/clients/getClients [36m304[0m 146.608 ms - -[0m
2023-04-15 12:53:06 info: [0mGET /api/users/getUsers [36m304[0m 146.780 ms - -[0m
2023-04-15 12:53:06 info: [0mGET /api/clients/getClients [36m304[0m 154.663 ms - -[0m
2023-04-15 13:36:56 info: [0mPOST /api/logout [32m200[0m 595.368 ms - 403[0m
2023-04-15 13:37:15 info: [0mPOST /api/login [32m200[0m 136.999 ms - 585[0m
2023-04-15 13:37:15 info: [0mGET /api/users/getUsers [36m304[0m 146.784 ms - -[0m
2023-04-15 13:37:16 info: [0mGET /api/clients/getClients [36m304[0m 142.192 ms - -[0m
2023-04-15 13:39:31 info: [0mGET /api/users/getUsers [36m304[0m 146.295 ms - -[0m
2023-04-15 13:39:34 info: [0mGET /api/clients/getClients [36m304[0m 160.909 ms - -[0m
2023-04-15 13:39:45 info: [0mPOST /api/logout [32m200[0m 77.425 ms - 403[0m
2023-04-15 13:40:03 info: [0mPOST /api/login [32m200[0m 131.525 ms - 585[0m
2023-04-15 13:40:04 info: [0mGET /api/users/getUsers [36m304[0m 153.073 ms - -[0m
2023-04-15 13:40:04 info: [0mGET /api/clients/getClients [36m304[0m 143.053 ms - -[0m
2023-04-15 13:51:50 info: [0mGET /api/users/getUsers [36m304[0m 231.571 ms - -[0m
2023-04-15 13:51:50 info: [0mGET /api/clients/getClients [36m304[0m 284.222 ms - -[0m
2023-04-15 13:58:16 info: [0mPOST /api/users/createUser [32m201[0m 294.450 ms - 416[0m
2023-04-15 13:58:17 info: [0mGET /api/users/getUsers [32m200[0m 140.984 ms - 794[0m
2023-04-15 13:58:41 info: [0mPOST /api/users/getUserById [32m200[0m 146.122 ms - 342[0m
2023-04-15 13:59:03 info: [0mPOST /api/logout [32m200[0m 70.021 ms - 403[0m
2023-04-15 13:59:20 info: [0mPOST /api/login [32m200[0m 129.939 ms - 585[0m
2023-04-15 13:59:20 info: [0mGET /api/users/getUsers [36m304[0m 141.235 ms - -[0m
2023-04-15 13:59:20 info: [0mGET /api/clients/getClients [36m304[0m 146.677 ms - -[0m
2023-04-15 14:00:18 info: [0mGET /api/clients/getClients [36m304[0m 142.248 ms - -[0m
2023-04-15 14:03:14 info: [0mGET /api/users/getUsers [36m304[0m 140.522 ms - -[0m
2023-04-15 14:03:14 info: [0mGET /api/clients/getClients [36m304[0m 144.565 ms - -[0m
2023-04-15 14:03:18 info: [0mGET /api/clients/getClients [32m200[0m 143.707 ms - 31[0m
2023-04-15 14:03:54 info: [0mGET /api/clients/getClients [32m200[0m 142.179 ms - 31[0m
2023-04-15 14:04:35 info: [0mGET /api/users/getUsers [36m304[0m 139.696 ms - -[0m
2023-04-15 14:04:35 info: [0mGET /api/clients/getClients [36m304[0m 143.481 ms - -[0m
2023-04-15 14:05:26 info: [0mGET /api/users/getUsers [36m304[0m 148.556 ms - -[0m
2023-04-15 14:05:26 info: [0mGET /api/clients/getClients [36m304[0m 165.383 ms - -[0m
2023-04-15 14:05:33 info: [0mGET /api/clients/getClients [32m200[0m 153.438 ms - 31[0m
2023-04-15 14:05:52 info: [0mGET /api/users/getUsers [36m304[0m 140.314 ms - -[0m
2023-04-15 14:05:52 info: [0mGET /api/clients/getClients [36m304[0m 141.894 ms - -[0m
2023-04-15 14:05:56 info: [0mGET /api/clients/getClients [36m304[0m 141.327 ms - -[0m
2023-04-15 14:05:59 info: [0mGET /api/clients/getClients [32m200[0m 145.876 ms - 31[0m
2023-04-15 14:06:00 info: [0mGET /api/users/getUsers [32m200[0m 142.814 ms - 794[0m
2023-04-15 14:07:56 info: [0mGET /api/clients/getClients [36m304[0m 144.519 ms - -[0m
2023-04-15 14:13:03 info: [0mGET /api/clients/getClients [36m304[0m 144.444 ms - -[0m
2023-04-15 14:13:04 info: [0mGET /api/clients/getClients [36m304[0m 143.488 ms - -[0m
2023-04-15 14:14:10 info: [0mGET /api/clients/getClients [36m304[0m 136.000 ms - -[0m
2023-04-15 14:14:11 info: [0mGET /api/clients/getClients [36m304[0m 139.579 ms - -[0m
2023-04-15 14:18:04 info: [0mGET /api/clients/getClients [36m304[0m 141.257 ms - -[0m
2023-04-15 14:18:14 info: [0mPOST /api/logout [32m200[0m 77.889 ms - 403[0m
2023-04-15 14:18:39 info: [0mPOST /api/login [32m200[0m 135.443 ms - 585[0m
2023-04-15 14:18:48 info: [0mGET /api/clients/getClients [36m304[0m 139.575 ms - -[0m
2023-04-15 14:18:49 info: [0mGET /api/clients/getClients [36m304[0m 152.368 ms - -[0m
2023-04-15 14:18:56 info: [0mGET /api/clients/getClients [36m304[0m 144.110 ms - -[0m
2023-04-15 15:03:22 info: [0mGET /api/clients/getClients [36m304[0m 667.243 ms - -[0m
2023-04-15 15:55:20 info: [0mGET /api/clients/getClients [36m304[0m 147.937 ms - -[0m
2023-04-15 15:58:23 info: [0mGET /api/clients/getClients [36m304[0m 144.482 ms - -[0m
2023-04-15 15:58:50 info: [0mGET /api/clients/getClients [36m304[0m 147.666 ms - -[0m
2023-04-15 16:12:23 info: =================================
2023-04-15 16:12:23 info: ======= ENV: development =======
2023-04-15 16:12:23 info: 🚀 App listening on the port 5103
2023-04-15 16:12:23 info: =================================
2023-04-15 16:12:55 info: [0mGET /api/clients/getClients [32m200[0m 156.192 ms - 31[0m
2023-04-15 16:12:55 info: [0mGET /api/users/getUsers [36m304[0m 155.483 ms - -[0m
2023-04-15 16:12:55 info: [0mGET /api/clients/getClients [36m304[0m 149.899 ms - -[0m
2023-04-15 16:13:56 info: [0mPOST /api/clients/createClient [32m201[0m 231.372 ms - 333[0m
2023-04-15 16:14:51 info: [0mGET /api/clients/getClients [32m200[0m 144.751 ms - 379[0m
2023-04-15 16:14:52 info: [0mGET /api/users/getUsers [36m304[0m 147.859 ms - -[0m
2023-04-15 16:14:52 info: [0mGET /api/clients/getClients [36m304[0m 136.490 ms - -[0m
2023-04-15 16:30:55 info: [0mPOST /api/clients/deleteClient [32m200[0m 167.537 ms - 377[0m
2023-04-15 16:31:09 info: [0mGET /api/clients/getClients [32m200[0m 145.406 ms - 31[0m
2023-04-15 16:31:09 info: [0mGET /api/clients/getClients [32m200[0m 157.148 ms - 31[0m
2023-04-15 16:31:09 info: [0mGET /api/users/getUsers [32m200[0m 143.372 ms - 794[0m
2023-04-15 21:40:50 info: =================================
2023-04-15 21:40:50 info: ======= ENV: development =======
2023-04-15 21:40:50 info: 🚀 App listening on the port 5103
2023-04-15 21:40:50 info: =================================
2023-04-15 21:41:06 info: [0mGET /api/clients/getClients [32m200[0m 158.518 ms - 31[0m
2023-04-15 21:41:06 info: [0mGET /api/users/getUsers [32m200[0m 155.128 ms - 794[0m
2023-04-15 21:41:07 info: [0mGET /api/clients/getClients [36m304[0m 138.186 ms - -[0m
2023-04-15 21:44:14 info: [0mPOST /api/clients/createClient [32m201[0m 204.660 ms - 391[0m
2023-04-15 21:44:21 info: [0mGET /api/clients/getClients [32m200[0m 152.017 ms - 437[0m
2023-04-15 21:44:21 info: [0mGET /api/users/getUsers [36m304[0m 151.234 ms - -[0m
2023-04-15 21:44:21 info: [0mGET /api/clients/getClients [36m304[0m 152.648 ms - -[0m
2023-04-15 21:45:14 info: [0mPOST /api/clients/editClient [32m200[0m 164.874 ms - 435[0m
2023-04-15 21:46:04 info: [0mPOST /api/contratos/guardarContrato [32m200[0m 342.650 ms - 408[0m
2023-04-15 21:46:11 info: [0mGET /api/users/getUsers [36m304[0m 146.707 ms - -[0m
2023-04-15 21:46:11 info: [0mGET /api/clients/getClients [32m200[0m 217.380 ms - 935[0m
2023-04-15 21:46:17 info: [0mGET /api/clients/getClients [36m304[0m 230.614 ms - -[0m
2023-04-15 21:46:18 info: [0mGET /api/orders/getWorkOrders [32m201[0m 155.564 ms - 40[0m
2023-04-15 21:46:20 info: [0mGET /api/clients/getClients [36m304[0m 220.729 ms - -[0m
2023-04-15 21:46:21 info: [0mGET /api/users/getSupervisores [32m200[0m 146.374 ms - 429[0m
2023-04-15 21:46:21 info: [0mGET /api/users/getOperadores [32m200[0m 140.503 ms - 40[0m
2023-04-15 21:46:22 info: [0mGET /api/orders/getNumberWorkOrders [32m201[0m 138.190 ms - 49[0m
2023-04-15 21:46:36 info: [0mPOST /api/clients/getClientById [32m200[0m 219.534 ms - 933[0m
2023-04-15 21:46:39 info: [0mPOST /api/templates/getTemplateByContract [32m201[0m 148.265 ms - 41[0m
2023-04-15 21:47:16 info: [0mGET /api/templates/getTemplates [32m201[0m 145.053 ms - 52[0m
2023-04-15 21:47:16 info: [0mGET /api/clients/getClients [36m304[0m 222.161 ms - -[0m
2023-04-15 21:47:17 info: [0mPOST /api/templates/createTemplate [32m201[0m 179.747 ms - 333[0m
2023-04-15 21:56:18 error: [POST] /api/templates/saveTemplate >> StatusCode:: 500, Message:: Cannot read property '_id' of null
2023-04-15 21:56:18 info: [0mPOST /api/templates/saveTemplate [31m500[0m 174.000 ms - 48[0m
2023-04-15 21:56:19 error: [POST] /api/templates/saveTemplate >> StatusCode:: 500, Message:: Cannot read property '_id' of null
2023-04-15 21:56:19 info: [0mPOST /api/templates/saveTemplate [31m500[0m 158.739 ms - 48[0m
2023-04-15 21:56:23 info: [0mGET /api/clients/getClients [36m304[0m 245.235 ms - -[0m
2023-04-15 21:56:24 info: [0mGET /api/users/getSupervisores [36m304[0m 138.421 ms - -[0m
2023-04-15 21:56:24 info: [0mGET /api/users/getOperadores [36m304[0m 152.505 ms - -[0m
2023-04-15 21:56:24 info: [0mGET /api/orders/getNumberWorkOrders [32m201[0m 143.883 ms - 49[0m
2023-04-15 21:56:35 info: [0mPOST /api/clients/getClientById [32m200[0m 217.346 ms - 933[0m
2023-04-15 21:56:37 info: [0mPOST /api/templates/getTemplateByContract [32m201[0m 140.962 ms - 41[0m
2023-04-15 21:56:48 info: [0mGET /api/orders/getWorkOrders [32m201[0m 155.231 ms - 40[0m
2023-04-15 21:56:48 info: [0mGET /api/users/getUsers [36m304[0m 140.684 ms - -[0m
2023-04-15 21:56:48 info: [0mGET /api/clients/getClients [36m304[0m 227.277 ms - -[0m
2023-04-15 21:56:49 info: [0mGET /api/clients/getClients [36m304[0m 239.480 ms - -[0m
2023-04-15 21:56:50 info: [0mGET /api/users/getSupervisores [36m304[0m 137.621 ms - -[0m
2023-04-15 21:56:50 info: [0mGET /api/users/getOperadores [36m304[0m 139.748 ms - -[0m
2023-04-15 21:56:50 info: [0mGET /api/orders/getNumberWorkOrders [32m201[0m 140.013 ms - 49[0m
2023-04-15 21:56:52 info: [0mPOST /api/clients/getClientById [32m200[0m 215.998 ms - 933[0m
2023-04-15 21:56:54 info: [0mPOST /api/templates/getTemplateByContract [32m201[0m 148.778 ms - 41[0m
2023-04-15 21:57:00 info: [0mGET /api/templates/getTemplates [32m201[0m 151.339 ms - 347[0m
2023-04-15 21:57:01 info: [0mGET /api/clients/getClients [36m304[0m 231.524 ms - -[0m
2023-04-15 22:53:06 info: [0mGET /api/templates/getTemplates [32m201[0m 148.792 ms - 347[0m
2023-04-15 22:53:06 info: [0mGET /api/clients/getClients [36m304[0m 214.043 ms - -[0m
2023-04-15 22:53:09 info: [0mGET /api/clients/getClients [36m304[0m 220.382 ms - -[0m
2023-04-15 22:53:09 info: [0mGET /api/users/getSupervisores [36m304[0m 138.699 ms - -[0m
2023-04-15 22:53:10 info: [0mGET /api/users/getOperadores [36m304[0m 140.970 ms - -[0m
2023-04-15 22:53:10 info: [0mGET /api/orders/getNumberWorkOrders [32m201[0m 140.727 ms - 49[0m
2023-04-15 22:53:15 info: [0mPOST /api/clients/getClientById [32m200[0m 219.601 ms - 933[0m
2023-04-15 22:53:16 info: [0mPOST /api/templates/getTemplateByContract [32m201[0m 157.825 ms - 41[0m
2023-04-15 22:53:21 info: [0mGET /api/clients/getClients [36m304[0m 218.636 ms - -[0m
2023-04-15 22:53:26 info: [0mGET /api/clients/getClients [32m200[0m 217.359 ms - 935[0m
2023-04-15 22:53:26 info: [0mGET /api/clients/getClients [32m200[0m 222.106 ms - 935[0m
2023-04-15 22:53:26 info: [0mGET /api/users/getUsers [32m200[0m 139.243 ms - 794[0m
2023-04-15 22:53:28 info: [0mGET /api/orders/getWorkOrders [32m201[0m 150.288 ms - 40[0m
2023-04-15 22:53:29 info: [0mGET /api/clients/getClients [36m304[0m 221.071 ms - -[0m
2023-04-15 22:53:29 info: [0mGET /api/users/getSupervisores [36m304[0m 142.394 ms - -[0m
2023-04-15 22:53:30 info: [0mGET /api/users/getOperadores [36m304[0m 142.792 ms - -[0m
2023-04-15 22:53:30 info: [0mGET /api/orders/getNumberWorkOrders [32m201[0m 139.956 ms - 49[0m
2023-04-15 22:53:32 info: [0mPOST /api/clients/getClientById [32m200[0m 218.365 ms - 933[0m
2023-04-15 22:53:34 info: [0mPOST /api/templates/getTemplateByContract [32m201[0m 143.201 ms - 41[0m
2023-04-15 22:53:38 info: [0mGET /api/templates/getTemplates [32m201[0m 147.395 ms - 347[0m
2023-04-15 22:53:38 info: [0mGET /api/clients/getClients [36m304[0m 213.888 ms - -[0m
2023-04-15 22:53:39 info: [0mPOST /api/templates/createTemplate [32m201[0m 154.529 ms - 333[0m
